
Friendly SyntaxError tracebacks - in italiano
=============================================

Friendly aims to provide friendlier feedback when an exception
is raised than what is done by Python.

This file contains only examples of SyntaxError and its sub-classes.
Some tests may appear to be repetitive to a human reader
but they are may be included to ensure more complete test coverage.

.. note::

     The content of this page is generated by running
     `trb_syntax_italian.py` located in the ``tests/`` directory.
     This needs to be done explicitly, independently of updating the
     documentation using Sphinx.
     On Windows, if Sphinx is installed on your computer, it is suggested
     instead to run make_trb.bat in the root directory as it will create
     similar files for all languages *and* update the documentation.

Friendly-traceback version: 0.5.19
Python version: 3.9.10



(1) Using 'and' in import statement
-----------------------------------

.. code-block:: none


    Traceback (most recent call last):
      File "TESTS:\trb_syntax_common.py", line 49, in create_tracebacks
        __import__(name)
      File "TESTS:\syntax\and_in_import_statement.py", line 1
        from math import sin and cos
                             ^
    SyntaxError: invalid syntax
    
    Un errore di tipo `SyntaxError` accade quando Python non riesce ad interpretare il tuo codice.
    
    Python non riesce ad interpretare il codice contenuto nel file 'TESTS:\syntax\and_in_import_statement.py'
    nella posizione indicata.
    
       1: from math import sin and cos
                               ^^^

    The Python keyword `and` can only be used for boolean expressions.
    Perhaps you meant to write
    
    `from math import sin , cos`
    

(2) Using 'and' after comma in import statement
-----------------------------------------------

.. code-block:: none


    Traceback (most recent call last):
      File "TESTS:\trb_syntax_common.py", line 49, in create_tracebacks
        __import__(name)
      File "TESTS:\syntax\and_in_import_statement_2.py", line 1
        from math import sin, tan, and cos
                                   ^
    SyntaxError: invalid syntax
    
    Un errore di tipo `SyntaxError` accade quando Python non riesce ad interpretare il tuo codice.
    
    Python non riesce ad interpretare il codice contenuto nel file 'TESTS:\syntax\and_in_import_statement_2.py'
    nella posizione indicata.
    
       1: from math import sin, tan, and cos
                                     ^^^

    The Python keyword `and` can only be used for boolean expressions.
    Perhaps you meant to write
    
    `from math import sin, tan,  cos`
    

(3) Annotated name cannot be global
-----------------------------------

.. code-block:: none


    Traceback (most recent call last):
      File "TESTS:\trb_syntax_common.py", line 49, in create_tracebacks
        __import__(name)
      File "TESTS:\syntax\annotated_name_global.py", line 4
        var:int = 1
        ^
    SyntaxError: annotated name 'var' can't be global
    
    Un errore di tipo `SyntaxError` accade quando Python non riesce ad interpretare il tuo codice.
    
    Python non riesce ad interpretare il codice contenuto nel file 'TESTS:\syntax\annotated_name_global.py'
    nella posizione indicata.
    
       4:     var:int = 1
              ^^^

    The object named `var` is defined with type annotation
    as a local variable. It cannot be declared to be a global variable.
    

(4) Incorrect use of 'from module import ... as ...
---------------------------------------------------

.. code-block:: none


    Traceback (most recent call last):
      File "TESTS:\trb_syntax_common.py", line 49, in create_tracebacks
        __import__(name)
      File "TESTS:\syntax\as_instead_of_comma_in_import.py", line 2
        from math import (sin, cos) as funcs
                                    ^
    SyntaxError: invalid syntax
    
    Un errore di tipo `SyntaxError` accade quando Python non riesce ad interpretare il tuo codice.
    
    Python non riesce ad interpretare il codice contenuto nel file 'TESTS:\syntax\as_instead_of_comma_in_import.py'
    nella posizione indicata.
    
       2: from math import (sin, cos) as funcs
                                      ^^

    I am guessing that you are trying to import at least one object
    from module `math` and rename it using the Python keyword `as`;
    this keyword can only be used to rename one object at a time
    using a well defined syntax.
    I suggest that you split up any such import statement with each object
    renamed on a separate line as follows:
    
        from math import object_1 as name_1
        from math import object_2 as name_2  # if needed
    

(5) Assign instead of equal (or walrus).
----------------------------------------

.. code-block:: none


    Traceback (most recent call last):
      File "TESTS:\trb_syntax_common.py", line 49, in create_tracebacks
        __import__(name)
      File "TESTS:\syntax\assign_instead_of_equal.py", line 1
        a = (b = 2)  # issue #65
               ^
    SyntaxError: invalid syntax
    
        Perhaps you needed `==` or `:=` instead of `=`.
        
    Un errore di tipo `SyntaxError` accade quando Python non riesce ad interpretare il tuo codice.
    
    Python non riesce ad interpretare il codice contenuto nel file 'TESTS:\syntax\assign_instead_of_equal.py'
    nella posizione indicata.
    
       1: a = (b = 2)  # issue #65
                 ^

    You used an assignment operator `=`; perhaps you meant to use 
    an equality operator, `==`, or the walrus operator `:=`.
    

(6) Name assigned prior to global declaration
---------------------------------------------

.. code-block:: none


    Traceback (most recent call last):
      File "TESTS:\trb_syntax_common.py", line 49, in create_tracebacks
        __import__(name)
      File "TESTS:\syntax\assign_name_before_global_1.py", line 7
        global aa, bb, cc, dd
        ^
    SyntaxError: name 'cc' is assigned to before global declaration
    
    Un errore di tipo `SyntaxError` accade quando Python non riesce ad interpretare il tuo codice.
    
    Python non riesce ad interpretare il codice contenuto nel file 'TESTS:\syntax\assign_name_before_global_1.py'
    nella posizione indicata.
    
       7:     global aa, bb, cc, dd
              ------         ^^

    You assigned a value to the variable `cc`
    before declaring it as a global variable.
    

(7) Name used prior to global declaration
-----------------------------------------

.. code-block:: none


    Traceback (most recent call last):
      File "TESTS:\trb_syntax_common.py", line 49, in create_tracebacks
        __import__(name)
      File "TESTS:\syntax\assign_name_before_global_2.py", line 7
        global var
        ^
    SyntaxError: name 'var' is used prior to global declaration
    
    Un errore di tipo `SyntaxError` accade quando Python non riesce ad interpretare il tuo codice.
    
    Python non riesce ad interpretare il codice contenuto nel file 'TESTS:\syntax\assign_name_before_global_2.py'
    .
    
       7:     global var
              ------ ^^^

    You used the variable `var`
    before declaring it as a global variable.
    

(8) Name used prior to nonlocal declaration
-------------------------------------------

.. code-block:: none


    Traceback (most recent call last):
      File "TESTS:\trb_syntax_common.py", line 49, in create_tracebacks
        __import__(name)
      File "TESTS:\syntax\assign_name_before_nonlocal_1.py", line 11
        nonlocal pp, qq
        ^
    SyntaxError: name 'qq' is used prior to nonlocal declaration
    
        Did you forget to write `nonlocal` first?
        
    Un errore di tipo `SyntaxError` accade quando Python non riesce ad interpretare il tuo codice.
    
    Python non riesce ad interpretare il codice contenuto nel file 'TESTS:\syntax\assign_name_before_nonlocal_1.py'
    nella posizione indicata.
    
       11:         nonlocal pp, qq
                   --------     ^^

    You used the variable `qq`
    before declaring it as a nonlocal variable.
    

(9) Name assigned prior to nonlocal declaration
-----------------------------------------------

.. code-block:: none


    Traceback (most recent call last):
      File "TESTS:\trb_syntax_common.py", line 49, in create_tracebacks
        __import__(name)
      File "TESTS:\syntax\assign_name_before_nonlocal_2.py", line 9
        nonlocal s
        ^
    SyntaxError: name 's' is assigned to before nonlocal declaration
    
        Did you forget to add `nonlocal`?
        
    Un errore di tipo `SyntaxError` accade quando Python non riesce ad interpretare il tuo codice.
    
    Python non riesce ad interpretare il codice contenuto nel file 'TESTS:\syntax\assign_name_before_nonlocal_2.py'
    .
    
       9:         nonlocal s
                  -------- ^

    You assigned a value to the variable `s`
    before declaring it as a nonlocal variable.
    

(10) Assign to conditional expression
-------------------------------------

.. code-block:: none


    Traceback (most recent call last):
      File "TESTS:\trb_syntax_common.py", line 49, in create_tracebacks
        __import__(name)
      File "TESTS:\syntax\assign_to_conditional.py", line 3
        a if 1 else b = 1
        ^
    SyntaxError: cannot assign to conditional expression
    
        You can only assign objects to identifiers (variable names).
        
    Un errore di tipo `SyntaxError` accade quando Python non riesce ad interpretare il tuo codice.
    
    Python non riesce ad interpretare il codice contenuto nel file 'TESTS:\syntax\assign_to_conditional.py'
    nella posizione indicata.
    
       3: a if 1 else b = 1
          ^^^^^^^^^^^^^

    On the left-hand side of an equal sign, you have a
    conditional expression instead of the name of a variable.
        a if 1 else b = ...
        ^^^^^^^^^^^^^
    You can only assign objects to identifiers (variable names).
    

(11) Assignment to keyword (__debug__)
--------------------------------------

.. code-block:: none


    Traceback (most recent call last):
      File "TESTS:\trb_syntax_common.py", line 49, in create_tracebacks
        __import__(name)
      File "TESTS:\syntax\assign_to_debug.py", line 4
        __debug__ = 1
        ^
    SyntaxError: cannot assign to __debug__
    
        You cannot assign a value to `__debug__`.
        
    Un errore di tipo `SyntaxError` accade quando Python non riesce ad interpretare il tuo codice.
    
    Python non riesce ad interpretare il codice contenuto nel file 'TESTS:\syntax\assign_to_debug.py'
    nella posizione indicata.
    
       4: __debug__ = 1
          ^^^^^^^^^

    `__debug__` is a constant in Python; you cannot assign it a different value.
    

(12) Assignment to keyword (__debug__)
--------------------------------------

.. code-block:: none


    Traceback (most recent call last):
      File "TESTS:\trb_syntax_common.py", line 49, in create_tracebacks
        __import__(name)
      File "TESTS:\syntax\assign_to_debug2.py", line 4
        a.__debug__ = 1
        ^
    SyntaxError: cannot assign to __debug__
    
        You cannot assign a value to `__debug__`.
        
    Un errore di tipo `SyntaxError` accade quando Python non riesce ad interpretare il tuo codice.
    
    Python non riesce ad interpretare il codice contenuto nel file 'TESTS:\syntax\assign_to_debug2.py'
    nella posizione indicata.
    
       4: a.__debug__ = 1
            ^^^^^^^^^

    `__debug__` is a constant in Python; you cannot assign it a different value.
    

(13) Assignment to Ellipsis symbol
----------------------------------

.. code-block:: none


    Traceback (most recent call last):
      File "TESTS:\trb_syntax_common.py", line 49, in create_tracebacks
        __import__(name)
      File "TESTS:\syntax\assign_to_ellipsis.py", line 4
        ... = 1
        ^
    SyntaxError: cannot assign to Ellipsis
    
        You cannot assign a value to the ellipsis symbol [`...`].
        
    Un errore di tipo `SyntaxError` accade quando Python non riesce ad interpretare il tuo codice.
    
    Python non riesce ad interpretare il codice contenuto nel file 'TESTS:\syntax\assign_to_ellipsis.py'
    nella posizione indicata.
    
       4: ... = 1
          ^^^

    The ellipsis symbol `...` is a constant in Python;you cannot assign it a different value.
    

(14) Cannot assign to f-string
------------------------------

.. code-block:: none


    Traceback (most recent call last):
      File "TESTS:\trb_syntax_common.py", line 49, in create_tracebacks
        __import__(name)
      File "TESTS:\syntax\assign_to_f_string.py", line 6
        f'{x}' = 42
        ^
    SyntaxError: cannot assign to f-string expression
    
        You can only assign objects to identifiers (variable names).
        
    Un errore di tipo `SyntaxError` accade quando Python non riesce ad interpretare il tuo codice.
    
    Python non riesce ad interpretare il codice contenuto nel file 'TESTS:\syntax\assign_to_f_string.py'
    nella posizione indicata.
    
       6: f'{x}' = 42
          ^^^^^^

    You wrote an expression that has the f-string `f'{x}'`
    on the left-hand side of the equal sign.
    An f-string should only appear on the right-hand side of an equal sign.
    You can only assign objects to identifiers (variable names).
    

(15) Cannot assign to function call: single = sign
--------------------------------------------------

.. code-block:: none


    Traceback (most recent call last):
      File "TESTS:\trb_syntax_common.py", line 49, in create_tracebacks
        __import__(name)
      File "TESTS:\syntax\assign_to_function_call_1.py", line 6
        len('a') = 3
        ^
    SyntaxError: cannot assign to function call
    
        You can only assign objects to identifiers (variable names).
        
    Un errore di tipo `SyntaxError` accade quando Python non riesce ad interpretare il tuo codice.
    
    Python non riesce ad interpretare il codice contenuto nel file 'TESTS:\syntax\assign_to_function_call_1.py'
    nella posizione indicata.
    
       6: len('a') = 3
          ^^^^^^^^

    You wrote the expression
    
        len('a') = ...
        ^^^^^^^^
    where `len('a')`, on the left-hand side of the equal sign, either is
    or includes a function call and is not simply the name of a variable.
    You can only assign objects to identifiers (variable names).
    

(16) Cannot assign to function call: two = signs
------------------------------------------------

.. code-block:: none


    Traceback (most recent call last):
      File "TESTS:\trb_syntax_common.py", line 49, in create_tracebacks
        __import__(name)
      File "TESTS:\syntax\assign_to_function_call_2.py", line 6
        func(a, b=3) = 4
        ^
    SyntaxError: cannot assign to function call
    
        You can only assign objects to identifiers (variable names).
        
    Un errore di tipo `SyntaxError` accade quando Python non riesce ad interpretare il tuo codice.
    
    Python non riesce ad interpretare il codice contenuto nel file 'TESTS:\syntax\assign_to_function_call_2.py'
    nella posizione indicata.
    
       6: func(a, b=3) = 4
          ^^^^^^^^^^^^

    You wrote the expression
    
        func(a, b=3) = ...
        ^^^^^^^^^^^^
    where `func(a, b=3)`, on the left-hand side of the equal sign, either is
    or includes a function call and is not simply the name of a variable.
    You can only assign objects to identifiers (variable names).
    

(17) Cannot assign to function call: continues on second line
-------------------------------------------------------------

.. code-block:: none


    Traceback (most recent call last):
      File "TESTS:\trb_syntax_common.py", line 49, in create_tracebacks
        __import__(name)
      File "TESTS:\syntax\assign_to_function_call_3.py", line 6
        a = f(1, 2,  # this is a comment
            ^
    SyntaxError: cannot assign to function call
    
        You can only assign objects to identifiers (variable names).
        
    Un errore di tipo `SyntaxError` accade quando Python non riesce ad interpretare il tuo codice.
    
    Python non riesce ad interpretare il codice contenuto nel file 'TESTS:\syntax\assign_to_function_call_3.py'
    nella posizione indicata.
    
    -->6: a = f(1, 2,  # this is a comment
              ^^^^^^^-->
       7:       3, 4) = 5

    You wrote the expression
    
        f(1, 2,...) = ...
        ^^^^^^^-->
    where `f(1, 2,...)`, on the left-hand side of the equal sign, either is
    or includes a function call and is not simply the name of a variable.
    You can only assign objects to identifiers (variable names).
    

(18) Assign to generator expression
-----------------------------------

.. code-block:: none


    Traceback (most recent call last):
      File "TESTS:\trb_syntax_common.py", line 49, in create_tracebacks
        __import__(name)
      File "TESTS:\syntax\assign_to_generator.py", line 3
        (x for x in x) = 1
        ^
    SyntaxError: cannot assign to generator expression
    
        You can only assign objects to identifiers (variable names).
        
    Un errore di tipo `SyntaxError` accade quando Python non riesce ad interpretare il tuo codice.
    
    Python non riesce ad interpretare il codice contenuto nel file 'TESTS:\syntax\assign_to_generator.py'
    nella posizione indicata.
    
       3: (x for x in x) = 1
          ^^^^^^^^^^^^^^

    On the left-hand side of an equal sign, you have a
    generator expression instead of the name of a variable.
    You can only assign objects to identifiers (variable names).
    

(19) Cannot assign to literal - 4
---------------------------------

.. code-block:: none


    Traceback (most recent call last):
      File "TESTS:\trb_syntax_common.py", line 49, in create_tracebacks
        __import__(name)
      File "TESTS:\syntax\assign_to_literal_dict.py", line 7
        {1 : 2, 2 : 4} = 5
        ^
    SyntaxError: cannot assign to dict display
    
        You can only assign objects to identifiers (variable names).
        
    Un errore di tipo `SyntaxError` accade quando Python non riesce ad interpretare il tuo codice.
    
    Python non riesce ad interpretare il codice contenuto nel file 'TESTS:\syntax\assign_to_literal_dict.py'
    nella posizione indicata.
    
       7: {1 : 2, 2 : 4} = 5
          ^^^^^^^^^^^^^^

    You wrote an expression like
    
        {1 : 2, 2 : 4} = 5
    where `{1 : 2, 2 : 4}`, on the left-hand side of the equal sign,
    is or includes an actual object of type `dict`
    and is not simply the name of a variable.
    
    You can only assign objects to identifiers (variable names).
    

(20) Cannot assign to literal int
---------------------------------

.. code-block:: none


    Traceback (most recent call last):
      File "TESTS:\trb_syntax_common.py", line 49, in create_tracebacks
        __import__(name)
      File "TESTS:\syntax\assign_to_literal_int.py", line 3
        1 = a
        ^
    SyntaxError: cannot assign to literal
    
        Perhaps you meant to write `a = 1`
    Un errore di tipo `SyntaxError` accade quando Python non riesce ad interpretare il tuo codice.
    
    Python non riesce ad interpretare il codice contenuto nel file 'TESTS:\syntax\assign_to_literal_int.py'
    nella posizione indicata.
    
       3: 1 = a
          ^

    You wrote an expression like
    
        1 = a
    where `1`, on the left-hand side of the equal sign,
    is or includes an actual object of type `int`
    and is not simply the name of a variable.
    Perhaps you meant to write:
    
        a = 1
    
    

(21) Cannot assign to literal int - 2
-------------------------------------

.. code-block:: none


    Traceback (most recent call last):
      File "TESTS:\trb_syntax_common.py", line 49, in create_tracebacks
        __import__(name)
      File "TESTS:\syntax\assign_to_literal_int_2.py", line 3
        1 = 2
        ^
    SyntaxError: cannot assign to literal
    
        You can only assign objects to identifiers (variable names).
        
    Un errore di tipo `SyntaxError` accade quando Python non riesce ad interpretare il tuo codice.
    
    Python non riesce ad interpretare il codice contenuto nel file 'TESTS:\syntax\assign_to_literal_int_2.py'
    nella posizione indicata.
    
       3: 1 = 2
          ^

    You wrote an expression like
    
        1 = 2
    where `1`, on the left-hand side of the equal sign,
    is or includes an actual object of type `int`
    and is not simply the name of a variable.
    
    You can only assign objects to identifiers (variable names).
    

(22) Cannot assign to literal - 5
---------------------------------

.. code-block:: none


    Traceback (most recent call last):
      File "TESTS:\trb_syntax_common.py", line 49, in create_tracebacks
        __import__(name)
      File "TESTS:\syntax\assign_to_literal_int_3.py", line 4
        1 = a = b
        ^
    SyntaxError: cannot assign to literal
    
        You can only assign objects to identifiers (variable names).
        
    Un errore di tipo `SyntaxError` accade quando Python non riesce ad interpretare il tuo codice.
    
    Python non riesce ad interpretare il codice contenuto nel file 'TESTS:\syntax\assign_to_literal_int_3.py'
    nella posizione indicata.
    
       4: 1 = a = b
          ^

    You wrote an expression like
    
        1 = variable_name
    where `1`, on the left-hand side of the equal sign,
    is or includes an actual object of type `int`
    and is not simply the name of a variable.
    
    You can only assign objects to identifiers (variable names).
    

(23) Cannot assign to literal - 3
---------------------------------

.. code-block:: none


    Traceback (most recent call last):
      File "TESTS:\trb_syntax_common.py", line 49, in create_tracebacks
        __import__(name)
      File "TESTS:\syntax\assign_to_literal_set.py", line 7
        {1, 2, 3} = 4
        ^
    SyntaxError: cannot assign to set display
    
        You can only assign objects to identifiers (variable names).
        
    Un errore di tipo `SyntaxError` accade quando Python non riesce ad interpretare il tuo codice.
    
    Python non riesce ad interpretare il codice contenuto nel file 'TESTS:\syntax\assign_to_literal_set.py'
    nella posizione indicata.
    
       7: {1, 2, 3} = 4
          ^^^^^^^^^

    You wrote an expression like
    
        {1, 2, 3} = 4
    where `{1, 2, 3}`, on the left-hand side of the equal sign,
    is or includes an actual object of type `set`
    and is not simply the name of a variable.
    
    You can only assign objects to identifiers (variable names).
    

(24) Assign to keyword def
--------------------------

.. code-block:: none


    Traceback (most recent call last):
      File "TESTS:\trb_syntax_common.py", line 49, in create_tracebacks
        __import__(name)
      File "TESTS:\syntax\assign_to_keyword_def.py", line 3
        def = 2
            ^
    SyntaxError: invalid syntax
    
        Python keywords cannot be used as identifiers (variable names).
        
    Un errore di tipo `SyntaxError` accade quando Python non riesce ad interpretare il tuo codice.
    
    Python non riesce ad interpretare il codice contenuto nel file 'TESTS:\syntax\assign_to_keyword_def.py'
    nella posizione indicata.
    
       3: def = 2
          ^^^

    You were trying to assign a value to the Python keyword `def`.
    This is not allowed.
    
    

(25) Assign to keyword else
---------------------------

.. code-block:: none


    Traceback (most recent call last):
      File "TESTS:\trb_syntax_common.py", line 49, in create_tracebacks
        __import__(name)
      File "TESTS:\syntax\assign_to_keyword_else.py", line 3
        else = 1
        ^
    SyntaxError: invalid syntax
    
        Python keywords cannot be used as identifiers (variable names).
        
    Un errore di tipo `SyntaxError` accade quando Python non riesce ad interpretare il tuo codice.
    
    Python non riesce ad interpretare il codice contenuto nel file 'TESTS:\syntax\assign_to_keyword_else.py'
    nella posizione indicata.
    
       3: else = 1
          ^^^^

    You were trying to assign a value to the Python keyword `else`.
    This is not allowed.
    
    

(26) Assignment to keyword (None)
---------------------------------

.. code-block:: none


    Traceback (most recent call last):
      File "TESTS:\trb_syntax_common.py", line 49, in create_tracebacks
        __import__(name)
      File "TESTS:\syntax\assign_to_keyword_none.py", line 4
        None = 1
        ^
    SyntaxError: cannot assign to None
    
        You cannot assign a value to `None`.
        
    Un errore di tipo `SyntaxError` accade quando Python non riesce ad interpretare il tuo codice.
    
    Python non riesce ad interpretare il codice contenuto nel file 'TESTS:\syntax\assign_to_keyword_none.py'
    nella posizione indicata.
    
       4: None = 1
          ^^^^

    `None` is a constant in Python; you cannot assign it a different value.
    

(27) Assign to math operation
-----------------------------

.. code-block:: none


    Traceback (most recent call last):
      File "TESTS:\trb_syntax_common.py", line 49, in create_tracebacks
        __import__(name)
      File "TESTS:\syntax\assign_to_operation.py", line 4
        a + 1 = 2
        ^
    SyntaxError: cannot assign to operator
    
        Perhaps you needed `==` instead of `=`.
        
    Un errore di tipo `SyntaxError` accade quando Python non riesce ad interpretare il tuo codice.
    
    Python non riesce ad interpretare il codice contenuto nel file 'TESTS:\syntax\assign_to_operation.py'
    nella posizione indicata.
    
       4: a + 1 = 2
          ^

    You wrote an expression that includes some mathematical operations
    on the left-hand side of the equal sign which should be
    only used to assign a value to a variable.
    

(28) Assign to yield expression
-------------------------------

.. code-block:: none


    Traceback (most recent call last):
      File "TESTS:\trb_syntax_common.py", line 49, in create_tracebacks
        __import__(name)
      File "TESTS:\syntax\assign_to_yield_expression.py", line 1
        (yield i) = 3
         ^
    SyntaxError: cannot assign to yield expression
    
        You can only assign objects to identifiers (variable names).
        
    Un errore di tipo `SyntaxError` accade quando Python non riesce ad interpretare il tuo codice.
    
    Python non riesce ad interpretare il codice contenuto nel file 'TESTS:\syntax\assign_to_yield_expression.py'
    nella posizione indicata.
    
       1: (yield i) = 3
           ^^^^^

    You wrote an expression that includes the `yield` keyword
    on the left-hand side of the equal sign.
    You cannot assign a value to such an expression.
    Note that, like the keyword `return`,
    `yield` can only be used inside a function.
    

(29) Augmented assignment inside comprehension
----------------------------------------------

.. code-block:: none


    Traceback (most recent call last):
      File "TESTS:\trb_syntax_common.py", line 49, in create_tracebacks
        __import__(name)
      File "TESTS:\syntax\assignment_expression_cannot_rebind.py", line 1
        a = [(i := 1) for i in [1]]
             ^
    SyntaxError: assignment expression cannot rebind comprehension iteration variable 'i'
    
    Un errore di tipo `SyntaxError` accade quando Python non riesce ad interpretare il tuo codice.
    
    Python non riesce ad interpretare il codice contenuto nel file 'TESTS:\syntax\assignment_expression_cannot_rebind.py'
    nella posizione indicata.
    
       1: a = [(i := 1) for i in [1]]
               ^

    You are using the augmented assignment operator `:=` inside
    a comprehension to assign a value to the iteration variable `i`.
    This variable is meant to be used only inside the comprehension.
    The augmented assignment operator is normally used to assign a value
    to a variable so that the variable can be reused later.
    This is not possible for variable `i`.
    

(30) Augmented assignment inside comprehension - inner loop
-----------------------------------------------------------

.. code-block:: none


    Traceback (most recent call last):
      File "TESTS:\trb_syntax_common.py", line 49, in create_tracebacks
        __import__(name)
      File "TESTS:\syntax\assignment_expression_cannot_rebind_2.py", line 1
        [i for i in range(5) if (j := 0) for k[j + 1] in range(5)]
        ^
    SyntaxError: comprehension inner loop cannot rebind assignment expression target 'j'
    
    Un errore di tipo `SyntaxError` accade quando Python non riesce ad interpretare il tuo codice.
    
    Python non riesce ad interpretare il codice contenuto nel file 'TESTS:\syntax\assignment_expression_cannot_rebind_2.py'
    nella posizione indicata.
    
       1: [i for i in range(5) if (j := 0) for k[j + 1] in range(5)]
          ^

    You are using the augmented assignment operator `:=` inside
    a comprehension to assign a value to the iteration variable `j`.
    This variable is meant to be used only inside the comprehension.
    The augmented assignment operator is normally used to assign a value
    to a variable so that the variable can be reused later.
    This is not possible for variable `j`.
    

(31) def: missing parentheses
-----------------------------

.. code-block:: none


    Traceback (most recent call last):
      File "TESTS:\trb_syntax_common.py", line 49, in create_tracebacks
        __import__(name)
      File "TESTS:\syntax\async_def_missing_parens.py", line 1
        async def name:
                      ^
    SyntaxError: invalid syntax
    
        Did you forget parentheses?
        
    Un errore di tipo `SyntaxError` accade quando Python non riesce ad interpretare il tuo codice.
    
    Python non riesce ad interpretare il codice contenuto nel file 'TESTS:\syntax\async_def_missing_parens.py'
    nella posizione indicata.
    
       1: async def name:
                        ^

    Perhaps you forgot to include parentheses.
    You might have meant to write
    
        async def name():
    

(32) Augmented assignment to literal
------------------------------------

.. code-block:: none


    Traceback (most recent call last):
      File "TESTS:\trb_syntax_common.py", line 49, in create_tracebacks
        __import__(name)
      File "TESTS:\syntax\augmented_assignment_to_literal.py", line 1
        if "word" := True:
           ^
    SyntaxError: cannot use assignment expressions with literal
    
        You can only assign objects to identifiers (variable names).
        
    Un errore di tipo `SyntaxError` accade quando Python non riesce ad interpretare il tuo codice.
    
    Python non riesce ad interpretare il codice contenuto nel file 'TESTS:\syntax\augmented_assignment_to_literal.py'
    nella posizione indicata.
    
       1: if "word" := True:
             ^^^^^^

    You cannot use the augmented assignment operator `:=`,
    sometimes called the walrus operator, with literals like `"word"`.
    You can only assign objects to identifiers (variable names).
    

(33) Walrus/Named assignment depending on Python version
--------------------------------------------------------

.. code-block:: none


    Traceback (most recent call last):
      File "TESTS:\trb_syntax_common.py", line 49, in create_tracebacks
        __import__(name)
      File "TESTS:\syntax\augmented_assigment_with_true.py", line 4
        (True := 1)
         ^
    SyntaxError: cannot use assignment expressions with True
    
        You cannot assign a value to `True`.
        
    Un errore di tipo `SyntaxError` accade quando Python non riesce ad interpretare il tuo codice.
    
    Python non riesce ad interpretare il codice contenuto nel file 'TESTS:\syntax\augmented_assigment_with_true.py'
    nella posizione indicata.
    
       4: (True := 1)
           ^^^^

    `True` is a constant in Python; you cannot assign it a different value.
    

(34) Backslash instead of slash
-------------------------------

.. code-block:: none


    Traceback (most recent call last):
      File "TESTS:\trb_syntax_common.py", line 49, in create_tracebacks
        __import__(name)
      File "TESTS:\syntax\backslash_instead_of_slash.py", line 1
        a = 3 \ 4.0
               ^
    SyntaxError: unexpected character after line continuation character
    
        Did you mean to divide by 4.0?
        
    Un errore di tipo `SyntaxError` accade quando Python non riesce ad interpretare il tuo codice.
    
    Python non riesce ad interpretare il codice contenuto nel file 'TESTS:\syntax\backslash_instead_of_slash.py'
    nella posizione indicata.
    
       1: a = 3 \ 4.0
                  ^^^

    You are using the continuation character `\` outside of a string,
    and it is followed by some other character(s).
    I am guessing that you wanted to divide by the number 4.0 
    and wrote \ instead of /.

(35) Brackets instead of parentheses
------------------------------------

.. code-block:: none


    Traceback (most recent call last):
      File "TESTS:\trb_syntax_common.py", line 49, in create_tracebacks
        __import__(name)
      File "TESTS:\syntax\bracket_instead_of_paren.py", line 1
        print(sum[i for i in [1, 2, 3] if i%2==0])
                    ^
    SyntaxError: invalid syntax
    
        You used square brackets, `[...]` instead of parentheses.
        
    Un errore di tipo `SyntaxError` accade quando Python non riesce ad interpretare il tuo codice.
    
    Python non riesce ad interpretare il codice contenuto nel file 'TESTS:\syntax\bracket_instead_of_paren.py'
    nella posizione indicata.
    
       1: print(sum[i for i in [1, 2, 3] if i%2==0])
                      ^^^

    You used square brackets, `[...]` instead of parentheses.
    Write the following instead:
    
        print(sum(i for i in [1, 2, 3] if i%2==0))

(36) break outside loop
-----------------------

.. code-block:: none


    Traceback (most recent call last):
      File "TESTS:\trb_syntax_common.py", line 49, in create_tracebacks
        __import__(name)
      File "TESTS:\syntax\break_outside_loop.py", line 4
        break
        ^
    SyntaxError: 'break' outside loop
    
    Un errore di tipo `SyntaxError` accade quando Python non riesce ad interpretare il tuo codice.
    
    Python non riesce ad interpretare il codice contenuto nel file 'TESTS:\syntax\break_outside_loop.py'
    nella posizione indicata.
    
       4:     break
              ^^^^^

    The Python keyword `break` can only be used inside a `for` loop or inside a `while` loop.
    

(37) Cannot assign to attribute here.
-------------------------------------

.. code-block:: none


    Traceback (most recent call last):
      File "TESTS:\trb_syntax_common.py", line 49, in create_tracebacks
        __import__(name)
      File "TESTS:\syntax\cannot_assign_to_attribute_here.py", line 1
        if x.a = 1:
               ^
    SyntaxError: invalid syntax
    
        Perhaps you needed `==` instead of `=`.
        
    Un errore di tipo `SyntaxError` accade quando Python non riesce ad interpretare il tuo codice.
    
    Python non riesce ad interpretare il codice contenuto nel file 'TESTS:\syntax\cannot_assign_to_attribute_here.py'
    nella posizione indicata.
    
       1: if x.a = 1:
                 ^

    You likely used an assignment operator `=` instead of an equality operator `==`.
    The following statement would not contain a syntax error:
    
        if x.a == 1:

(38) Cannot guess the cause
---------------------------

.. code-block:: none


    Traceback (most recent call last):
      File "TESTS:\trb_syntax_common.py", line 49, in create_tracebacks
        __import__(name)
      File "TESTS:\syntax\cannot_guess_the_cause.py", line 1
        SyntaxErrors can be annoying!
                     ^
    SyntaxError: invalid syntax
    
        Friendly-traceback non conosce la causa di questo errore. 
        
    Un errore di tipo `SyntaxError` accade quando Python non riesce ad interpretare il tuo codice.
    
    Python non riesce ad interpretare il codice contenuto nel file 'TESTS:\syntax\cannot_guess_the_cause.py'
    nella posizione indicata.
    
       1: SyntaxErrors can be annoying!
                       ^^^

    Currently, I cannot guess the likely cause of this error.
    Try to examine closely the line indicated as well as the line
    immediately above to see if you can identify some misspelled
    word, or missing symbols, like (, ), [, ], :, etc.
    
    Unless your code uses type annotations, which are beyond our scope,
    if you think that this is something which should be handled
    by friendly, please report this case to
    https://github.com/aroberge/friendly/issues
    
    

(39) Cannot use star operator
-----------------------------

.. code-block:: none


    Traceback (most recent call last):
      File "TESTS:\trb_syntax_common.py", line 49, in create_tracebacks
        __import__(name)
      File "TESTS:\syntax\cannot_use_star.py", line 3
        *a
        ^
    SyntaxError: can't use starred expression here
    
    Un errore di tipo `SyntaxError` accade quando Python non riesce ad interpretare il tuo codice.
    
    Python non riesce ad interpretare il codice contenuto nel file 'TESTS:\syntax\cannot_use_star.py'
    nella posizione indicata.
    
       3: *a
          ^

    The star operator `*` is interpreted to mean that
    iterable unpacking is to be used to assign a name
    to each item of an iterable, which does not make sense here.
    

(40) Cannot use double star operator
------------------------------------

.. code-block:: none


    Traceback (most recent call last):
      File "TESTS:\trb_syntax_common.py", line 49, in create_tracebacks
        __import__(name)
      File "TESTS:\syntax\cannot_use_double_star.py", line 4
        (**k)
         ^
    SyntaxError: f-string: invalid syntax
    
    Un errore di tipo `SyntaxError` accade quando Python non riesce ad interpretare il tuo codice.
    
    Python non riesce ad interpretare il codice contenuto nel file 'TESTS:\syntax\cannot_use_double_star.py'
    nella posizione indicata.
    
       1: (**k)
           ^-->

    The double star operator `**` is likely interpreted to mean that
    dict unpacking is to be used which is not allowed or does not make sense here.
    

(41) Missing class name
-----------------------

.. code-block:: none


    Traceback (most recent call last):
      File "TESTS:\trb_syntax_common.py", line 49, in create_tracebacks
        __import__(name)
      File "TESTS:\syntax\class_missing_name.py", line 1
        class:
             ^
    SyntaxError: invalid syntax
    
        A class needs a name.
        
    Un errore di tipo `SyntaxError` accade quando Python non riesce ad interpretare il tuo codice.
    
    Python non riesce ad interpretare il codice contenuto nel file 'TESTS:\syntax\class_missing_name.py'
    nella posizione indicata.
    
       1: class:
               ^

    A `class` statement requires a name:
    
        class SomeName:
            ...
    
    

(42) Missing () for tuples in comprehension
-------------------------------------------

.. code-block:: none


    Traceback (most recent call last):
      File "TESTS:\trb_syntax_common.py", line 49, in create_tracebacks
        __import__(name)
      File "TESTS:\syntax\comprehension_missing_tuple_paren.py", line 1
        x = [i, i**2 for i in range(10)]
                     ^
    SyntaxError: invalid syntax
    
        Did you forget parentheses?
        
    Un errore di tipo `SyntaxError` accade quando Python non riesce ad interpretare il tuo codice.
    
    Python non riesce ad interpretare il codice contenuto nel file 'TESTS:\syntax\comprehension_missing_tuple_paren.py'
    nella posizione indicata.
    
       1: x = [i, i**2 for i in range(10)]
                       ^^^

    I am guessing that you were writing a comprehension or a generator expression
    and forgot to include parentheses around tuples.
    As an example, instead of writing
    
        [i, i**2 for i in range(10)]
    
    you would need to write
    
        [(i, i**2) for i in range(10)]
    
    

(43) Comprehension with condition (no else)
-------------------------------------------

.. code-block:: none


    Traceback (most recent call last):
      File "TESTS:\trb_syntax_common.py", line 49, in create_tracebacks
        __import__(name)
      File "TESTS:\syntax\comprehension_with_condition_no_else.py", line 1
        a = [f(x) if condition for x in sequence]
                               ^
    SyntaxError: invalid syntax
    
    Un errore di tipo `SyntaxError` accade quando Python non riesce ad interpretare il tuo codice.
    
    Python non riesce ad interpretare il codice contenuto nel file 'TESTS:\syntax\comprehension_with_condition_no_else.py'
    nella posizione indicata.
    
       1: a = [f(x) if condition for x in sequence]
                                 ^^^

    I am guessing that you were writing a comprehension or a generator expression
    and use the wrong order for a condition.
    The correct order depends if there is an `else` clause or not.
    For example, the correct order for a list comprehensions with
    condition can be either
    
        [f(x) if condition else other for x in sequence]  # 'if' before 'for'
    
    or, if there is no `else`
    
        [f(x) for x in sequence if condition]  # 'if' after 'for'
    
    

(44) Comprehension with condition (with else)
---------------------------------------------

.. code-block:: none


    Traceback (most recent call last):
      File "TESTS:\trb_syntax_common.py", line 49, in create_tracebacks
        __import__(name)
      File "TESTS:\syntax\comprehension_with_condition_with_else.py", line 1
        a = [f(x) for x in sequence if condition else other]
                                                 ^
    SyntaxError: invalid syntax
    
    Un errore di tipo `SyntaxError` accade quando Python non riesce ad interpretare il tuo codice.
    
    Python non riesce ad interpretare il codice contenuto nel file 'TESTS:\syntax\comprehension_with_condition_with_else.py'
    nella posizione indicata.
    
       1: a = [f(x) for x in sequence if condition else other]
                                                   ^^^^

    I am guessing that you were writing a comprehension or a generator expression
    and use the wrong order for a condition.
    The correct order depends if there is an `else` clause or not.
    For example, the correct order for a list comprehensions with
    condition can be either
    
        [f(x) if condition else other for x in sequence]  # 'if' before 'for'
    
    or, if there is no `else`
    
        [f(x) for x in sequence if condition]  # 'if' after 'for'
    
    

(45) continue outside loop
--------------------------

.. code-block:: none


    Traceback (most recent call last):
      File "TESTS:\trb_syntax_common.py", line 49, in create_tracebacks
        __import__(name)
      File "TESTS:\syntax\continue_outside_loop.py", line 4
        continue
        ^
    SyntaxError: 'continue' not properly in loop
    
    Un errore di tipo `SyntaxError` accade quando Python non riesce ad interpretare il tuo codice.
    
    Python non riesce ad interpretare il codice contenuto nel file 'TESTS:\syntax\continue_outside_loop.py'
    nella posizione indicata.
    
       4:     continue
              ^^^^^^^^

    The Python keyword `continue` can only be used inside a `for` loop or inside a `while` loop.
    

(46) Copy/paste from interpreter
--------------------------------

.. code-block:: none


    Traceback (most recent call last):
      File "TESTS:\trb_syntax_common.py", line 49, in create_tracebacks
        __import__(name)
      File "TESTS:\syntax\copy_pasted_code.py", line 2
        >>> print("Hello World!")
        ^
    SyntaxError: invalid syntax
    
        Did you use copy-paste?
        
    Un errore di tipo `SyntaxError` accade quando Python non riesce ad interpretare il tuo codice.
    
    Python non riesce ad interpretare il codice contenuto nel file 'TESTS:\syntax\copy_pasted_code.py'
    nella posizione indicata.
    
       2: >>> print("Hello World!")
          ^^^

    It looks like you copy-pasted code from an interactive interpreter.
    The Python prompt, `>>>`, should not be included in your code.
    

(47) Copy/paste from interpreter - 2
------------------------------------

.. code-block:: none


    Traceback (most recent call last):
      File "TESTS:\trb_syntax_common.py", line 49, in create_tracebacks
        __import__(name)
      File "TESTS:\syntax\copy_pasted_code_2.py", line 2
        ... print("Hello World!")
            ^
    SyntaxError: invalid syntax
    
        Did you use copy-paste?
        
    Un errore di tipo `SyntaxError` accade quando Python non riesce ad interpretare il tuo codice.
    
    Python non riesce ad interpretare il codice contenuto nel file 'TESTS:\syntax\copy_pasted_code_2.py'
    .
    
       2: ... print("Hello World!")
          ----^^^^^

    It looks like you copy-pasted code from an interactive interpreter.
    The Python prompt, `...`, should not be included in your code.
    

(48) def: positional arg after kwargs
-------------------------------------

.. code-block:: none


    Traceback (most recent call last):
      File "TESTS:\trb_syntax_common.py", line 49, in create_tracebacks
        __import__(name)
      File "TESTS:\syntax\def_arg_after_kwarg.py", line 1
        def test(a, **kwargs, b):
                              ^
    SyntaxError: invalid syntax
    
        Positional arguments must come before keyword arguments.
        
    Un errore di tipo `SyntaxError` accade quando Python non riesce ad interpretare il tuo codice.
    
    Python non riesce ad interpretare il codice contenuto nel file 'TESTS:\syntax\def_arg_after_kwarg.py'
    nella posizione indicata.
    
       1: def test(a, **kwargs, b):
                                ^

    Positional arguments must come before keyword arguments.
    `b` is a positional argument that appears after one or more
    keyword arguments in your function definition.
    

(49) def: named arguments must follow bare *
--------------------------------------------

.. code-block:: none


    Traceback (most recent call last):
      File "TESTS:\trb_syntax_common.py", line 49, in create_tracebacks
        __import__(name)
      File "TESTS:\syntax\def_bare_star_arg.py", line 4
        def f(*):
               ^
    SyntaxError: named arguments must follow bare *
    
        Did you forget something after `*`?
        
    Un errore di tipo `SyntaxError` accade quando Python non riesce ad interpretare il tuo codice.
    
    Python non riesce ad interpretare il codice contenuto nel file 'TESTS:\syntax\def_bare_star_arg.py'
    nella posizione indicata.
    
       4: def f(*):
                 ^

    Assuming you were defining a function, you need
    to replace `*` by either `*arguments` or
    by `*, named_argument=value`.
    

(50) def: misused as code block
-------------------------------

.. code-block:: none


    Traceback (most recent call last):
      File "TESTS:\trb_syntax_common.py", line 49, in create_tracebacks
        __import__(name)
      File "TESTS:\syntax\def_code_block.py", line 3
        def :
            ^
    SyntaxError: invalid syntax
    
        A function needs a name.
        
    Un errore di tipo `SyntaxError` accade quando Python non riesce ad interpretare il tuo codice.
    
    Python non riesce ad interpretare il codice contenuto nel file 'TESTS:\syntax\def_code_block.py'
    nella posizione indicata.
    
       3: def :
              ^

    You tried to define a function and did not use the correct syntax.
    The correct syntax is:
    
        def name ( ... ):
    

(51) def: misused as code block - 2
-----------------------------------

.. code-block:: none


    Traceback (most recent call last):
      File "TESTS:\trb_syntax_common.py", line 49, in create_tracebacks
        __import__(name)
      File "TESTS:\syntax\def_code_block_2.py", line 2
        def :
            ^
    SyntaxError: invalid syntax
    
        Functions and methods need a name.
        
    Un errore di tipo `SyntaxError` accade quando Python non riesce ad interpretare il tuo codice.
    
    Python non riesce ad interpretare il codice contenuto nel file 'TESTS:\syntax\def_code_block_2.py'
    nella posizione indicata.
    
       2:     def :
                  ^

    You tried to define a function or method and did not use the correct syntax.
    The correct syntax is:
    
        def name ( ... ):
    

(52) Dotted name as function argument
-------------------------------------

.. code-block:: none


    Traceback (most recent call last):
      File "TESTS:\trb_syntax_common.py", line 49, in create_tracebacks
        __import__(name)
      File "TESTS:\syntax\def_dotted_argument.py", line 3
        def test(x.y):
                  ^
    SyntaxError: invalid syntax
    
        Did you mean to write a comma?
        
    Un errore di tipo `SyntaxError` accade quando Python non riesce ad interpretare il tuo codice.
    
    Python non riesce ad interpretare il codice contenuto nel file 'TESTS:\syntax\def_dotted_argument.py'
    nella posizione indicata.
    
       3: def test(x.y):
                    ^

    You cannot use dotted names as function arguments.
    Perhaps you meant to write a comma.
    

(53) Dotted name as function argument
-------------------------------------

.. code-block:: none


    Traceback (most recent call last):
      File "TESTS:\trb_syntax_common.py", line 49, in create_tracebacks
        __import__(name)
      File "TESTS:\syntax\def_dotted_argument_2.py", line 2
        def test(x., y):
                  ^
    SyntaxError: invalid syntax
    
        You cannot use dotted names as function arguments.
        
    Un errore di tipo `SyntaxError` accade quando Python non riesce ad interpretare il tuo codice.
    
    Python non riesce ad interpretare il codice contenuto nel file 'TESTS:\syntax\def_dotted_argument_2.py'
    nella posizione indicata.
    
       2: def test(x., y):
                    ^

    You cannot use dotted names as function arguments.
    

(54) Dotted function name
-------------------------

.. code-block:: none


    Traceback (most recent call last):
      File "TESTS:\trb_syntax_common.py", line 49, in create_tracebacks
        __import__(name)
      File "TESTS:\syntax\def_dotted_function_name.py", line 3
        def test.x():
                ^
    SyntaxError: invalid syntax
    
        You cannot use dots in function names.
        
    Un errore di tipo `SyntaxError` accade quando Python non riesce ad interpretare il tuo codice.
    
    Python non riesce ad interpretare il codice contenuto nel file 'TESTS:\syntax\def_dotted_function_name.py'
    nella posizione indicata.
    
       3: def test.x():
                  ^

    You cannot use dots in function names.
    

(55) def: dict as argument
--------------------------

.. code-block:: none


    Traceback (most recent call last):
      File "TESTS:\trb_syntax_common.py", line 49, in create_tracebacks
        __import__(name)
      File "TESTS:\syntax\def_dict_as_arg.py", line 1
        def test({'a': 1}, y):  # dict as first argument
                 ^
    SyntaxError: invalid syntax
    
        You cannot have any explicit dict or set as function arguments.
        
    Un errore di tipo `SyntaxError` accade quando Python non riesce ad interpretare il tuo codice.
    
    Python non riesce ad interpretare il codice contenuto nel file 'TESTS:\syntax\def_dict_as_arg.py'
    nella posizione indicata.
    
       1: def test({'a': 1}, y):  # dict as first argument
                   ^

    You cannot have any explicit dict or set as function arguments.
    You can only use identifiers (variable names) as function arguments.
    

(56) def: arguments must be unique in function definition
---------------------------------------------------------

.. code-block:: none


    Traceback (most recent call last):
      File "TESTS:\trb_syntax_common.py", line 49, in create_tracebacks
        __import__(name)
      File "TESTS:\syntax\def_duplicate_arg.py", line 4
        def f(aa=1, aa=2):
        ^
    SyntaxError: duplicate argument 'aa' in function definition
    
    Un errore di tipo `SyntaxError` accade quando Python non riesce ad interpretare il tuo codice.
    
    Python non riesce ad interpretare il codice contenuto nel file 'TESTS:\syntax\def_duplicate_arg.py'
    nella posizione indicata.
    
       4: def f(aa=1, aa=2):
                ^^    ^^

    You have defined a function repeating the argument
    
        aa
    Each argument should appear only once in a function definition.
    

(57) def: semicolon after colon
-------------------------------

.. code-block:: none


    Traceback (most recent call last):
      File "TESTS:\trb_syntax_common.py", line 49, in create_tracebacks
        __import__(name)
      File "TESTS:\syntax\def_extra_semi_colon.py", line 1
        def test():;
                   ^
    SyntaxError: invalid syntax
    
        Did you write something by mistake after the colon?
        
    Un errore di tipo `SyntaxError` accade quando Python non riesce ad interpretare il tuo codice.
    
    Python non riesce ad interpretare il codice contenuto nel file 'TESTS:\syntax\def_extra_semi_colon.py'
    nella posizione indicata.
    
       1: def test():;
                     ^

    A function definition statement must end with a colon.
    A block of code must come after the colon.
    Removing `;`, might fix the problem.
    

(58) def: extra comma
---------------------

.. code-block:: none


    Traceback (most recent call last):
      File "TESTS:\trb_syntax_common.py", line 49, in create_tracebacks
        __import__(name)
      File "TESTS:\syntax\def_extra_comma.py", line 1
        def test(a,,b):
                   ^
    SyntaxError: invalid syntax
    
        Did you mean to write `,`?
        
    Un errore di tipo `SyntaxError` accade quando Python non riesce ad interpretare il tuo codice.
    
    Python non riesce ad interpretare il codice contenuto nel file 'TESTS:\syntax\def_extra_comma.py'
    nella posizione indicata.
    
       1: def test(a,,b):
                     ^

    I suspect you made a typo and added `,` by mistake.
    The following statement contains no syntax error:
    
        def test(a,b):

(59) def: unspecified keywords before /
---------------------------------------

.. code-block:: none


    Traceback (most recent call last):
      File "TESTS:\trb_syntax_common.py", line 49, in create_tracebacks
        __import__(name)
      File "TESTS:\syntax\def_forward_slash_1.py", line 1
        def test(a, **kwargs, /):
                              ^
    SyntaxError: invalid syntax
    
        Keyword arguments must appear after the `/` symbol.
        
    Un errore di tipo `SyntaxError` accade quando Python non riesce ad interpretare il tuo codice.
    
    Python non riesce ad interpretare il codice contenuto nel file 'TESTS:\syntax\def_forward_slash_1.py'
    nella posizione indicata.
    
       1: def test(a, **kwargs, /):
                                ^

    `/` indicates that the previous arguments in a function definition
    are positional arguments.
    You have unspecified keyword arguments that appear before
    the symbol `/`.
    

(60) def: / before star
-----------------------

.. code-block:: none


    Traceback (most recent call last):
      File "TESTS:\trb_syntax_common.py", line 49, in create_tracebacks
        __import__(name)
      File "TESTS:\syntax\def_forward_slash_2.py", line 1
        def test(a, *, b, /):
                          ^
    SyntaxError: invalid syntax
    
        `*` must appear after `/` in a function definition.
        
    Un errore di tipo `SyntaxError` accade quando Python non riesce ad interpretare il tuo codice.
    
    Python non riesce ad interpretare il codice contenuto nel file 'TESTS:\syntax\def_forward_slash_2.py'
    nella posizione indicata.
    
       1: def test(a, *, b, /):
                            ^

    `/` indicates that the previous arguments in a function definition
    are positional arguments.
    However, `*` indicates that the arguments
    that follow must be keyword arguments.
    When they are used together, `/` must appear before `*`.
    

(61) def: / before star arg
---------------------------

.. code-block:: none


    Traceback (most recent call last):
      File "TESTS:\trb_syntax_common.py", line 49, in create_tracebacks
        __import__(name)
      File "TESTS:\syntax\def_forward_slash_3.py", line 1
        def test(a, *arg, /):
                          ^
    SyntaxError: invalid syntax
    
        `*arg` must appear after `/` in a function definition.
        
    Un errore di tipo `SyntaxError` accade quando Python non riesce ad interpretare il tuo codice.
    
    Python non riesce ad interpretare il codice contenuto nel file 'TESTS:\syntax\def_forward_slash_3.py'
    nella posizione indicata.
    
       1: def test(a, *arg, /):
                            ^

    `/` indicates that the previous arguments in a function definition
    are positional arguments.
    `*arg` must appear after `/` in a function definition.
    

(62) def: / used twice
----------------------

.. code-block:: none


    Traceback (most recent call last):
      File "TESTS:\trb_syntax_common.py", line 49, in create_tracebacks
        __import__(name)
      File "TESTS:\syntax\def_forward_slash_4.py", line 1
        def test(a, /, b, /):
                          ^
    SyntaxError: invalid syntax
    
        You can only use `/` once in a function definition.
        
    Un errore di tipo `SyntaxError` accade quando Python non riesce ad interpretare il tuo codice.
    
    Python non riesce ad interpretare il codice contenuto nel file 'TESTS:\syntax\def_forward_slash_4.py'
    nella posizione indicata.
    
       1: def test(a, /, b, /):
                            ^

    You can only use `/` once in a function definition.
    

(63) def: non-identifier as a function name
-------------------------------------------

.. code-block:: none


    Traceback (most recent call last):
      File "TESTS:\trb_syntax_common.py", line 49, in create_tracebacks
        __import__(name)
      File "TESTS:\syntax\def_function_name_invalid.py", line 3
        def 2be():
            ^
    SyntaxError: invalid syntax
    
        You wrote an invalid function name.
        
    Un errore di tipo `SyntaxError` accade quando Python non riesce ad interpretare il tuo codice.
    
    Python non riesce ad interpretare il codice contenuto nel file 'TESTS:\syntax\def_function_name_invalid.py'
    nella posizione indicata.
    
       3: def 2be():
              ^

    The name of a function must be a valid Python identifier,
    that is a name that begins with a letter or an underscore character, `_`,
    and which contains only letters, digits or the underscore character.
    

(64) def: using a string as a function name
-------------------------------------------

.. code-block:: none


    Traceback (most recent call last):
      File "TESTS:\trb_syntax_common.py", line 49, in create_tracebacks
        __import__(name)
      File "TESTS:\syntax\def_function_name_string.py", line 3
        def "function"():
            ^
    SyntaxError: invalid syntax
    
        The name of a function must be a valid Python identifier,
        that is a name that begins with a letter or an underscore character, `_`,
        and which contains only letters, digits or the underscore character.
        You attempted to use a string as a function name.
        
    Un errore di tipo `SyntaxError` accade quando Python non riesce ad interpretare il tuo codice.
    
    Python non riesce ad interpretare il codice contenuto nel file 'TESTS:\syntax\def_function_name_string.py'
    nella posizione indicata.
    
       3: def "function"():
              ^^^^^^^^^^

    The name of a function must be a valid Python identifier,
    that is a name that begins with a letter or an underscore character, `_`,
    and which contains only letters, digits or the underscore character.
    You attempted to use a string as a function name.
    

(65) def: keyword cannot be argument in def - 1
-----------------------------------------------

.. code-block:: none


    Traceback (most recent call last):
      File "TESTS:\trb_syntax_common.py", line 49, in create_tracebacks
        __import__(name)
      File "TESTS:\syntax\def_keyword_as_arg_1.py", line 5
        def f(None=1):
              ^
    SyntaxError: invalid syntax
    
    Un errore di tipo `SyntaxError` accade quando Python non riesce ad interpretare il tuo codice.
    
    Python non riesce ad interpretare il codice contenuto nel file 'TESTS:\syntax\def_keyword_as_arg_1.py'
    nella posizione indicata.
    
       5: def f(None=1):
                ^^^^

    I am guessing that you tried to use the Python keyword
    `None` as an argument in the definition of a function
    where an identifier (variable name) was expected.
    

(66) def: keyword cannot be argument in def - 2
-----------------------------------------------

.. code-block:: none


    Traceback (most recent call last):
      File "TESTS:\trb_syntax_common.py", line 49, in create_tracebacks
        __import__(name)
      File "TESTS:\syntax\def_keyword_as_arg_2.py", line 5
        def f(x, True):
                 ^
    SyntaxError: invalid syntax
    
    Un errore di tipo `SyntaxError` accade quando Python non riesce ad interpretare il tuo codice.
    
    Python non riesce ad interpretare il codice contenuto nel file 'TESTS:\syntax\def_keyword_as_arg_2.py'
    nella posizione indicata.
    
       5: def f(x, True):
                   ^^^^

    I am guessing that you tried to use the Python keyword
    `True` as an argument in the definition of a function
    where an identifier (variable name) was expected.
    

(67) def: keyword cannot be argument in def - 3
-----------------------------------------------

.. code-block:: none


    Traceback (most recent call last):
      File "TESTS:\trb_syntax_common.py", line 49, in create_tracebacks
        __import__(name)
      File "TESTS:\syntax\def_keyword_as_arg_3.py", line 5
        def f(*None):
               ^
    SyntaxError: invalid syntax
    
    Un errore di tipo `SyntaxError` accade quando Python non riesce ad interpretare il tuo codice.
    
    Python non riesce ad interpretare il codice contenuto nel file 'TESTS:\syntax\def_keyword_as_arg_3.py'
    nella posizione indicata.
    
       5: def f(*None):
                 ^^^^

    I am guessing that you tried to use the Python keyword
    `None` as an argument in the definition of a function
    where an identifier (variable name) was expected.
    

(68) def: keyword cannot be argument in def - 4
-----------------------------------------------

.. code-block:: none


    Traceback (most recent call last):
      File "TESTS:\trb_syntax_common.py", line 49, in create_tracebacks
        __import__(name)
      File "TESTS:\syntax\def_keyword_as_arg_4.py", line 5
        def f(**None):
                ^
    SyntaxError: invalid syntax
    
    Un errore di tipo `SyntaxError` accade quando Python non riesce ad interpretare il tuo codice.
    
    Python non riesce ad interpretare il codice contenuto nel file 'TESTS:\syntax\def_keyword_as_arg_4.py'
    nella posizione indicata.
    
       5: def f(**None):
                  ^^^^

    I am guessing that you tried to use the Python keyword
    `None` as an argument in the definition of a function
    where an identifier (variable name) was expected.
    

(69) def: Python keyword as function name
-----------------------------------------

.. code-block:: none


    Traceback (most recent call last):
      File "TESTS:\trb_syntax_common.py", line 49, in create_tracebacks
        __import__(name)
      File "TESTS:\syntax\def_keyword_as_name.py", line 3
        def pass():
            ^
    SyntaxError: invalid syntax
    
        You cannot use a Python keyword as a function name.
        
    Un errore di tipo `SyntaxError` accade quando Python non riesce ad interpretare il tuo codice.
    
    Python non riesce ad interpretare il codice contenuto nel file 'TESTS:\syntax\def_keyword_as_name.py'
    nella posizione indicata.
    
       3: def pass():
              ^^^^

    You tried to use the Python keyword `pass` as a function name.
    
    There are more syntax errors later in your code.
    

(70) def: list as argument - 1
------------------------------

.. code-block:: none


    Traceback (most recent call last):
      File "TESTS:\trb_syntax_common.py", line 49, in create_tracebacks
        __import__(name)
      File "TESTS:\syntax\def_list_as_arg_1.py", line 1
        def test([x], y):  # list as first argument
                 ^
    SyntaxError: invalid syntax
    
        You cannot have explicit lists as function arguments.
        
    Un errore di tipo `SyntaxError` accade quando Python non riesce ad interpretare il tuo codice.
    
    Python non riesce ad interpretare il codice contenuto nel file 'TESTS:\syntax\def_list_as_arg_1.py'
    nella posizione indicata.
    
       1: def test([x], y):  # list as first argument
                   ^

    You cannot have explicit lists as function arguments.
    You can only use identifiers (variable names) as function arguments.
    

(71) def: list as argument - 2
------------------------------

.. code-block:: none


    Traceback (most recent call last):
      File "TESTS:\trb_syntax_common.py", line 49, in create_tracebacks
        __import__(name)
      File "TESTS:\syntax\def_list_as_arg_2.py", line 1
        def test(x, [y]):  # list as second argument, after comma
                    ^
    SyntaxError: invalid syntax
    
        You cannot have explicit lists as function arguments.
        
    Un errore di tipo `SyntaxError` accade quando Python non riesce ad interpretare il tuo codice.
    
    Python non riesce ad interpretare il codice contenuto nel file 'TESTS:\syntax\def_list_as_arg_2.py'
    nella posizione indicata.
    
       1: def test(x, [y]):  # list as second argument, after comma
                      ^

    You cannot have explicit lists as function arguments.
    You can only use identifiers (variable names) as function arguments.
    

(72) def: missing colon
-----------------------

.. code-block:: none


    Traceback (most recent call last):
      File "TESTS:\trb_syntax_common.py", line 49, in create_tracebacks
        __import__(name)
      File "TESTS:\syntax\def_missing_colon.py", line 1
        def test()
                  ^
    SyntaxError: invalid syntax
    
        Did you forget to write a colon?
        
    Un errore di tipo `SyntaxError` accade quando Python non riesce ad interpretare il tuo codice.
    
    Python non riesce ad interpretare il codice contenuto nel file 'TESTS:\syntax\def_missing_colon.py'
    nella posizione indicata.
    
       1: def test()
                    ^

    A function definition statement must end with a colon.
    

(73) def: missing comma between function args
---------------------------------------------

.. code-block:: none


    Traceback (most recent call last):
      File "TESTS:\trb_syntax_common.py", line 49, in create_tracebacks
        __import__(name)
      File "TESTS:\syntax\def_missing_comma.py", line 4
        def a(b, c d):
                   ^
    SyntaxError: invalid syntax
    
        Did you forget a comma?
        
    Un errore di tipo `SyntaxError` accade quando Python non riesce ad interpretare il tuo codice.
    
    Python non riesce ad interpretare il codice contenuto nel file 'TESTS:\syntax\def_missing_comma.py'
    nella posizione indicata.
    
       4: def a(b, c d):
                   ^^^

    Python indicates that the error is caused by `d` written immediately after `c`.
    It is possible that you forgot a comma between items in a tuple, 
    or between function arguments, 
    at the position indicated by ^.
    Perhaps you meant
    
        def a(b, c, d):
                  ^
    
    

(74) def: missing parentheses
-----------------------------

.. code-block:: none


    Traceback (most recent call last):
      File "TESTS:\trb_syntax_common.py", line 49, in create_tracebacks
        __import__(name)
      File "TESTS:\syntax\def_missing_parens.py", line 3
        def name:
                ^
    SyntaxError: invalid syntax
    
        Did you forget parentheses?
        
    Un errore di tipo `SyntaxError` accade quando Python non riesce ad interpretare il tuo codice.
    
    Python non riesce ad interpretare il codice contenuto nel file 'TESTS:\syntax\def_missing_parens.py'
    nella posizione indicata.
    
       3: def name:
                  ^

    Perhaps you forgot to include parentheses.
    You might have meant to write
    
        def name():
    

(75) def: missing parentheses around arguments
----------------------------------------------

.. code-block:: none


    Traceback (most recent call last):
      File "TESTS:\trb_syntax_common.py", line 49, in create_tracebacks
        __import__(name)
      File "TESTS:\syntax\def_missing_parens_2.py", line 2
        def name a, b:
                 ^
    SyntaxError: invalid syntax
    
        Did you forget parentheses?
        
    Un errore di tipo `SyntaxError` accade quando Python non riesce ad interpretare il tuo codice.
    
    Python non riesce ad interpretare il codice contenuto nel file 'TESTS:\syntax\def_missing_parens_2.py'
    nella posizione indicata.
    
       2: def name a, b:
                   ^

    Perhaps you forgot to include parentheses.
    You might have meant to write
    
        def name (a, b):
    

(76) def: missing function name
-------------------------------

.. code-block:: none


    Traceback (most recent call last):
      File "TESTS:\trb_syntax_common.py", line 49, in create_tracebacks
        __import__(name)
      File "TESTS:\syntax\def_missing_name.py", line 3
        def ( arg )  :
            ^
    SyntaxError: invalid syntax
    
    Un errore di tipo `SyntaxError` accade quando Python non riesce ad interpretare il tuo codice.
    
    Python non riesce ad interpretare il codice contenuto nel file 'TESTS:\syntax\def_missing_name.py'
    nella posizione indicata.
    
       3: def ( arg )  :
              ^

    You forgot to name your function.
    The correct syntax is:
    
        def name ( ... ):
    

(77) def: name is parameter and global
--------------------------------------

.. code-block:: none


    Traceback (most recent call last):
      File "TESTS:\trb_syntax_common.py", line 49, in create_tracebacks
        __import__(name)
      File "TESTS:\syntax\def_name_is_parameter_and_global.py", line 6
        global x
        ^
    SyntaxError: name 'x' is parameter and global
    
    Un errore di tipo `SyntaxError` accade quando Python non riesce ad interpretare il tuo codice.
    
    Python non riesce ad interpretare il codice contenuto nel file 'TESTS:\syntax\def_name_is_parameter_and_global.py'
    nella posizione indicata.
    
       6:     global x
              ^^^^^^

    You are including the statement
    
            global x
    
    
    indicating that `x` is a variable defined outside a function.
    You are also using the same `x` as an argument for that
    function, thus indicating that it should be variable known only
    inside that function, which is the contrary of what `global` implied.
    

(78) def: non-default argument follows default argument
-------------------------------------------------------

.. code-block:: none


    Traceback (most recent call last):
      File "TESTS:\trb_syntax_common.py", line 49, in create_tracebacks
        __import__(name)
      File "TESTS:\syntax\def_non_default_after_default.py", line 5
        def test(a=1, b):
                       ^
    SyntaxError: non-default argument follows default argument
    
    Un errore di tipo `SyntaxError` accade quando Python non riesce ad interpretare il tuo codice.
    
    Python non riesce ad interpretare il codice contenuto nel file 'TESTS:\syntax\def_non_default_after_default.py'
    nella posizione indicata.
    
       5: def test(a=1, b):
                         ^

    In Python, you can define functions with only positional arguments
    
        def test(a, b, c): ...
    
    or only keyword arguments
    
        def test(a=1, b=2, c=3): ...
    
    or a combination of the two
    
        def test(a, b, c=3): ...
    
    but with the keyword arguments appearing after all the positional ones.
    According to Python, you used positional arguments after keyword ones.
    

(79) Single number used as arg in function def
----------------------------------------------

.. code-block:: none


    Traceback (most recent call last):
      File "TESTS:\trb_syntax_common.py", line 49, in create_tracebacks
        __import__(name)
      File "TESTS:\syntax\def_number_as_arg.py", line 1
        def f(1):
              ^
    SyntaxError: invalid syntax
    
        You cannot use numbers as function arguments.
        
    Un errore di tipo `SyntaxError` accade quando Python non riesce ad interpretare il tuo codice.
    
    Python non riesce ad interpretare il codice contenuto nel file 'TESTS:\syntax\def_number_as_arg.py'
    nella posizione indicata.
    
       1: def f(1):
                ^

    You used a number as an argument when defining a function.
    You can only use identifiers (variable names) as function arguments.
    

(80) Operator after ``**``
--------------------------

.. code-block:: none


    Traceback (most recent call last):
      File "TESTS:\trb_syntax_common.py", line 49, in create_tracebacks
        __import__(name)
      File "TESTS:\syntax\def_operator_after_2star.py", line 1
        def test(**):
                   ^
    SyntaxError: invalid syntax
    
    Un errore di tipo `SyntaxError` accade quando Python non riesce ad interpretare il tuo codice.
    
    Python non riesce ad interpretare il codice contenuto nel file 'TESTS:\syntax\def_operator_after_2star.py'
    nella posizione indicata.
    
       1: def test(**):
                     ^

    The `**` operator needs to be followed by an identifier (variable name).
    

(81) def: operator instead of comma
-----------------------------------

.. code-block:: none


    Traceback (most recent call last):
      File "TESTS:\trb_syntax_common.py", line 49, in create_tracebacks
        __import__(name)
      File "TESTS:\syntax\def_operator_instead_of_comma.py", line 1
        def test(a + b):
                   ^
    SyntaxError: invalid syntax
    
        Did you mean to write a comma?
        
    Un errore di tipo `SyntaxError` accade quando Python non riesce ad interpretare il tuo codice.
    
    Python non riesce ad interpretare il codice contenuto nel file 'TESTS:\syntax\def_operator_instead_of_comma.py'
    nella posizione indicata.
    
       1: def test(a + b):
                     ^

    You cannot have operators as function arguments.
    I suspect you made a typo and wrote `+` instead of a comma.
    The following statement contains no syntax error:
    
        def test(a , b):

(82) def: operator instead of equal
-----------------------------------

.. code-block:: none


    Traceback (most recent call last):
      File "TESTS:\trb_syntax_common.py", line 49, in create_tracebacks
        __import__(name)
      File "TESTS:\syntax\def_operator_instead_of_equal.py", line 1
        def test(a, b=3, c+None):
                          ^
    SyntaxError: invalid syntax
    
        Did you mean to write an equal sign?
        
    Un errore di tipo `SyntaxError` accade quando Python non riesce ad interpretare il tuo codice.
    
    Python non riesce ad interpretare il codice contenuto nel file 'TESTS:\syntax\def_operator_instead_of_equal.py'
    nella posizione indicata.
    
       1: def test(a, b=3, c+None):
                            ^

    You cannot have operators as function arguments.
    I suspect you made a typo and wrote `+` instead of an equal sign.
    The following statement contains no syntax error:
    
        def test(a, b=3, c=None):

(83) def: operator instead of name
----------------------------------

.. code-block:: none


    Traceback (most recent call last):
      File "TESTS:\trb_syntax_common.py", line 49, in create_tracebacks
        __import__(name)
      File "TESTS:\syntax\def_operator_instead_of_name.py", line 1
        def test(a, +, b):
                    ^
    SyntaxError: invalid syntax
    
        You cannot use `+` as an argument.
        
    Un errore di tipo `SyntaxError` accade quando Python non riesce ad interpretare il tuo codice.
    
    Python non riesce ad interpretare il codice contenuto nel file 'TESTS:\syntax\def_operator_instead_of_name.py'
    nella posizione indicata.
    
       1: def test(a, +, b):
                      ^

    I suspect you made a typo and wrote `+` by mistake.
    If you replace it by a unique variable name, the result
    will contain no syntax error.
    

(84) def: positional argument follows keyword argument
------------------------------------------------------

.. code-block:: none


    Traceback (most recent call last):
      File "TESTS:\trb_syntax_common.py", line 49, in create_tracebacks
        __import__(name)
      File "TESTS:\syntax\def_positional_after_keyword_arg.py", line 5
        test(a=1, b)
                   ^
    SyntaxError: positional argument follows keyword argument
    
    Un errore di tipo `SyntaxError` accade quando Python non riesce ad interpretare il tuo codice.
    
    Python non riesce ad interpretare il codice contenuto nel file 'TESTS:\syntax\def_positional_after_keyword_arg.py'
    nella posizione indicata.
    
       5: test(a=1, b)
                     ^

    In Python, you can call functions with only positional arguments
    
        test(1, 2, 3)
    
    or only keyword arguments
    
        test(a=1, b=2, c=3)
    
    or a combination of the two
    
        test(1, 2, c=3)
    
    but with the keyword arguments appearing after all the positional ones.
    According to Python, you used positional arguments after keyword ones.
    

(85) def: semicolon instead of colon
------------------------------------

.. code-block:: none


    Traceback (most recent call last):
      File "TESTS:\trb_syntax_common.py", line 49, in create_tracebacks
        __import__(name)
      File "TESTS:\syntax\def_semi_colon_instead_of_colon.py", line 1
        def test();
                  ^
    SyntaxError: invalid syntax
    
        Did you forget to write a colon?
        
    Un errore di tipo `SyntaxError` accade quando Python non riesce ad interpretare il tuo codice.
    
    Python non riesce ad interpretare il codice contenuto nel file 'TESTS:\syntax\def_semi_colon_instead_of_colon.py'
    nella posizione indicata.
    
       1: def test();
                    ^

    A function definition statement must end with a colon.
    You wrote `;` instead of a colon.
    

(86) def: set as argument
-------------------------

.. code-block:: none


    Traceback (most recent call last):
      File "TESTS:\trb_syntax_common.py", line 49, in create_tracebacks
        __import__(name)
      File "TESTS:\syntax\def_set_as_arg.py", line 1
        def test(y, {'a', 'b'}):  # set as second argument, after comma
                    ^
    SyntaxError: invalid syntax
    
        You cannot have any explicit dict or set as function arguments.
        
    Un errore di tipo `SyntaxError` accade quando Python non riesce ad interpretare il tuo codice.
    
    Python non riesce ad interpretare il codice contenuto nel file 'TESTS:\syntax\def_set_as_arg.py'
    nella posizione indicata.
    
       1: def test(y, {'a', 'b'}):  # set as second argument, after comma
                      ^

    You cannot have any explicit dict or set as function arguments.
    You can only use identifiers (variable names) as function arguments.
    

(87) def: ``*arg`` before /
---------------------------

.. code-block:: none


    Traceback (most recent call last):
      File "TESTS:\trb_syntax_common.py", line 49, in create_tracebacks
        __import__(name)
      File "TESTS:\syntax\def_star_arg_before_slash.py", line 1
        def test(a, *arg, /):
                          ^
    SyntaxError: invalid syntax
    
        `*arg` must appear after `/` in a function definition.
        
    Un errore di tipo `SyntaxError` accade quando Python non riesce ad interpretare il tuo codice.
    
    Python non riesce ad interpretare il codice contenuto nel file 'TESTS:\syntax\def_star_arg_before_slash.py'
    nella posizione indicata.
    
       1: def test(a, *arg, /):
                            ^

    `/` indicates that the previous arguments in a function definition
    are positional arguments.
    `*arg` must appear after `/` in a function definition.
    

(88) def: ``*`` used twice
--------------------------

.. code-block:: none


    Traceback (most recent call last):
      File "TESTS:\trb_syntax_common.py", line 49, in create_tracebacks
        __import__(name)
      File "TESTS:\syntax\def_star_used_only_once.py", line 1
        def test(a, *arg, *, b=1):
                          ^
    SyntaxError: invalid syntax
    
        You can only use `*` once in a function definition.
        
    Un errore di tipo `SyntaxError` accade quando Python non riesce ad interpretare il tuo codice.
    
    Python non riesce ad interpretare il codice contenuto nel file 'TESTS:\syntax\def_star_used_only_once.py'
    nella posizione indicata.
    
       1: def test(a, *arg, *, b=1):
                            ^

    You can only use `*` once in a function definition.
    It must either be used by itself, `*`,
    or in the form `*arg`, but not both.
    

(89) def: ``*`` used twice
--------------------------

.. code-block:: none


    Traceback (most recent call last):
      File "TESTS:\trb_syntax_common.py", line 49, in create_tracebacks
        __import__(name)
      File "TESTS:\syntax\def_star_used_only_once_1.py", line 1
        def test(a, *, *):
                       ^
    SyntaxError: invalid syntax
    
        You can only use `*` once in a function definition.
        
    Un errore di tipo `SyntaxError` accade quando Python non riesce ad interpretare il tuo codice.
    
    Python non riesce ad interpretare il codice contenuto nel file 'TESTS:\syntax\def_star_used_only_once_1.py'
    nella posizione indicata.
    
       1: def test(a, *, *):
                         ^

    You can only use `*` once in a function definition.
    

(90) def: ``*`` used twice
--------------------------

.. code-block:: none


    Traceback (most recent call last):
      File "TESTS:\trb_syntax_common.py", line 49, in create_tracebacks
        __import__(name)
      File "TESTS:\syntax\def_star_used_only_once_2.py", line 1
        def test(a, *arg, *other):
                          ^
    SyntaxError: invalid syntax
    
        You can only use `*` once in a function definition.
        
    Un errore di tipo `SyntaxError` accade quando Python non riesce ad interpretare il tuo codice.
    
    Python non riesce ad interpretare il codice contenuto nel file 'TESTS:\syntax\def_star_used_only_once_2.py'
    nella posizione indicata.
    
       1: def test(a, *arg, *other):
                            ^

    You can only use `*` once in a function definition.
    You have used it twice, with `*arg` and `*other`.
    

(91) def: ``*`` after ``**``
----------------------------

.. code-block:: none


    Traceback (most recent call last):
      File "TESTS:\trb_syntax_common.py", line 49, in create_tracebacks
        __import__(name)
      File "TESTS:\syntax\def_star_after_2star.py", line 1
        def test(**kw, *arg):
                       ^
    SyntaxError: invalid syntax
    
        You can only use `*` once in a function definition.
        
    Un errore di tipo `SyntaxError` accade quando Python non riesce ad interpretare il tuo codice.
    
    Python non riesce ad interpretare il codice contenuto nel file 'TESTS:\syntax\def_star_after_2star.py'
    nella posizione indicata.
    
       1: def test(**kw, *arg):
                         ^

    `*arg` must appear before `**kw`.
    

(92) def: ``*`` after ``**``
----------------------------

.. code-block:: none


    Traceback (most recent call last):
      File "TESTS:\trb_syntax_common.py", line 49, in create_tracebacks
        __import__(name)
      File "TESTS:\syntax\def_star_after_2star_2.py", line 1
        def test(**kw, *):
                       ^
    SyntaxError: invalid syntax
    
        You can only use `*` once in a function definition.
        
    Un errore di tipo `SyntaxError` accade quando Python non riesce ad interpretare il tuo codice.
    
    Python non riesce ad interpretare il codice contenuto nel file 'TESTS:\syntax\def_star_after_2star_2.py'
    nella posizione indicata.
    
       1: def test(**kw, *):
                         ^

    `**kw` must appear after the `*` operator.
    

(93) Single string used as arg in function def
----------------------------------------------

.. code-block:: none


    Traceback (most recent call last):
      File "TESTS:\trb_syntax_common.py", line 49, in create_tracebacks
        __import__(name)
      File "TESTS:\syntax\def_string_as_arg.py", line 1
        def f("1"):
              ^
    SyntaxError: invalid syntax
    
        You cannot use strings as function arguments.
        
    Un errore di tipo `SyntaxError` accade quando Python non riesce ad interpretare il tuo codice.
    
    Python non riesce ad interpretare il codice contenuto nel file 'TESTS:\syntax\def_string_as_arg.py'
    nella posizione indicata.
    
       1: def f("1"):
                ^^^

    You used a string as an argument when defining a function.
    You can only use identifiers (variable names) as function arguments.
    

(94) def: tuple as function argument
------------------------------------

.. code-block:: none


    Traceback (most recent call last):
      File "TESTS:\trb_syntax_common.py", line 49, in create_tracebacks
        __import__(name)
      File "TESTS:\syntax\def_tuple_as_arg_1.py", line 1
        def test((a, b), c):
                 ^
    SyntaxError: invalid syntax
    
        You cannot have explicit tuples as function arguments.
        
    Un errore di tipo `SyntaxError` accade quando Python non riesce ad interpretare il tuo codice.
    
    Python non riesce ad interpretare il codice contenuto nel file 'TESTS:\syntax\def_tuple_as_arg_1.py'
    nella posizione indicata.
    
       1: def test((a, b), c):
                   ^

    You cannot have explicit tuples as function arguments.
    You can only use identifiers (variable names) as function arguments.
    Assign any tuple to a parameter and unpack it
    within the body of the function.
    

(95) def: tuple as function argument - 2
----------------------------------------

.. code-block:: none


    Traceback (most recent call last):
      File "TESTS:\trb_syntax_common.py", line 49, in create_tracebacks
        __import__(name)
      File "TESTS:\syntax\def_tuple_as_arg_2.py", line 1
        def test(a, (b, c)):
                    ^
    SyntaxError: invalid syntax
    
        You cannot have explicit tuples as function arguments.
        
    Un errore di tipo `SyntaxError` accade quando Python non riesce ad interpretare il tuo codice.
    
    Python non riesce ad interpretare il codice contenuto nel file 'TESTS:\syntax\def_tuple_as_arg_2.py'
    nella posizione indicata.
    
       1: def test(a, (b, c)):
                      ^

    You cannot have explicit tuples as function arguments.
    You can only use identifiers (variable names) as function arguments.
    Assign any tuple to a parameter and unpack it
    within the body of the function.
    

(96) Deleting star expression - 1
---------------------------------

.. code-block:: none


    Traceback (most recent call last):
      File "TESTS:\trb_syntax_common.py", line 49, in create_tracebacks
        __import__(name)
      File "TESTS:\syntax\del_paren_star_1.py", line 1
        del (*x)
             ^
    SyntaxError: can't use starred expression here
    
    Un errore di tipo `SyntaxError` accade quando Python non riesce ad interpretare il tuo codice.
    
    Python non riesce ad interpretare il codice contenuto nel file 'TESTS:\syntax\del_paren_star_1.py'
    nella posizione indicata.
    
       1: del (*x)
               ^

    The star operator `*` is interpreted to mean that
    iterable unpacking is to be used to assign a name
    to each item of an iterable, which does not make sense here.
    You can only delete names of objects, or items in mutable containers
    such as `list`, `set`, or `dict`.
    

(97) Deleting star expression - 2
---------------------------------

.. code-block:: none


    Traceback (most recent call last):
      File "TESTS:\trb_syntax_common.py", line 49, in create_tracebacks
        __import__(name)
      File "TESTS:\syntax\del_paren_star_2.py", line 1
        del (*x,)
             ^
    SyntaxError: cannot delete starred
    
    Un errore di tipo `SyntaxError` accade quando Python non riesce ad interpretare il tuo codice.
    
    Python non riesce ad interpretare il codice contenuto nel file 'TESTS:\syntax\del_paren_star_2.py'
    nella posizione indicata.
    
       1: del (*x,)
               ^

    The star operator `*` is interpreted to mean that
    iterable unpacking is to be used to assign a name
    to each item of an iterable, which does not make sense here.
    You can only delete names of objects, or items in mutable containers
    such as `list`, `set`, or `dict`.
    

(98) Cannot delete a constant
-----------------------------

.. code-block:: none


    Traceback (most recent call last):
      File "TESTS:\trb_syntax_common.py", line 49, in create_tracebacks
        __import__(name)
      File "TESTS:\syntax\delete_constant_keyword.py", line 1
        del True
            ^
    SyntaxError: cannot delete True
    
    Un errore di tipo `SyntaxError` accade quando Python non riesce ad interpretare il tuo codice.
    
    Python non riesce ad interpretare il codice contenuto nel file 'TESTS:\syntax\delete_constant_keyword.py'
    nella posizione indicata.
    
       1: del True
              ^^^^

    You cannot delete the constant `True`.
    You can only delete names of objects, or items in mutable containers
    such as `list`, `set`, or `dict`.
    

(99) Cannot delete expression
-----------------------------

.. code-block:: none


    Traceback (most recent call last):
      File "TESTS:\trb_syntax_common.py", line 49, in create_tracebacks
        __import__(name)
      File "TESTS:\syntax\delete_expression.py", line 1
        del a.b.c[0] + 2
            ^
    SyntaxError: cannot delete operator
    
        You can only delete names of objects, or items in mutable containers
        such as `list`, `set`, or `dict`.
        
    Un errore di tipo `SyntaxError` accade quando Python non riesce ad interpretare il tuo codice.
    
    Python non riesce ad interpretare il codice contenuto nel file 'TESTS:\syntax\delete_expression.py'
    nella posizione indicata.
    
       1: del a.b.c[0] + 2
              ^

    You cannot delete the expression `a.b.c[0] + 2`.
    You can only delete names of objects, or items in mutable containers
    such as `list`, `set`, or `dict`.
    

(100) Cannot delete function call
---------------------------------

.. code-block:: none


    Traceback (most recent call last):
      File "TESTS:\trb_syntax_common.py", line 49, in create_tracebacks
        __import__(name)
      File "TESTS:\syntax\delete_function_call.py", line 5
        del f(a)
            ^
    SyntaxError: cannot delete function call
    
    Un errore di tipo `SyntaxError` accade quando Python non riesce ad interpretare il tuo codice.
    
    Python non riesce ad interpretare il codice contenuto nel file 'TESTS:\syntax\delete_function_call.py'
    nella posizione indicata.
    
       5: del f(a)
              ^

    You attempted to delete a function call
    
        del f(a)
    instead of deleting the function's name
    
        del f
    

(101) Cannot delete named expression
------------------------------------

.. code-block:: none


    Traceback (most recent call last):
      File "TESTS:\trb_syntax_common.py", line 49, in create_tracebacks
        __import__(name)
      File "TESTS:\syntax\delete_named_expression.py", line 1
        del (a := 5)
             ^
    SyntaxError: cannot delete named expression
    
        You can only delete names of objects, or items in mutable containers
        such as `list`, `set`, or `dict`.
        
    Un errore di tipo `SyntaxError` accade quando Python non riesce ad interpretare il tuo codice.
    
    Python non riesce ad interpretare il codice contenuto nel file 'TESTS:\syntax\delete_named_expression.py'
    nella posizione indicata.
    
       1: del (a := 5)
               ^

    You cannot delete the named expression `(a := 5)`.
    You can only delete names of objects, or items in mutable containers
    such as `list`, `set`, or `dict`.
    

(102) Delete only names or items
--------------------------------

.. code-block:: none


    Traceback (most recent call last):
      File "TESTS:\trb_syntax_common.py", line 49, in create_tracebacks
        __import__(name)
      File "TESTS:\syntax\delete_names_or_items.py", line 1
        del a += b
              ^
    SyntaxError: invalid syntax
    
    Un errore di tipo `SyntaxError` accade quando Python non riesce ad interpretare il tuo codice.
    
    Python non riesce ad interpretare il codice contenuto nel file 'TESTS:\syntax\delete_names_or_items.py'
    nella posizione indicata.
    
       1: del a += b
                ^^

    You can only delete names of objects, or items in mutable containers
    such as `list`, `set`, or `dict`.
    

(103) Deleting string literal
-----------------------------

.. code-block:: none


    Traceback (most recent call last):
      File "TESTS:\trb_syntax_common.py", line 49, in create_tracebacks
        __import__(name)
      File "TESTS:\syntax\delete_string_literal.py", line 1
        del "Hello world!"
            ^
    SyntaxError: cannot delete literal
    
    Un errore di tipo `SyntaxError` accade quando Python non riesce ad interpretare il tuo codice.
    
    Python non riesce ad interpretare il codice contenuto nel file 'TESTS:\syntax\delete_string_literal.py'
    nella posizione indicata.
    
       1: del "Hello world!"
              ^^^^^^^^^^^^^^

    You cannot delete the literal `"Hello world!"`.
    You can only delete names of objects, or items in mutable containers
    such as `list`, `set`, or `dict`.
    

(104) Value missing in dict - 1
-------------------------------

.. code-block:: none


    Traceback (most recent call last):
      File "TESTS:\trb_syntax_common.py", line 49, in create_tracebacks
        __import__(name)
      File "TESTS:\syntax\dict_value_missing_1.py", line 1
        a = {1:2, 3}
                   ^
    SyntaxError: invalid syntax
    
        Did you forget to write a dict value?
        
    Un errore di tipo `SyntaxError` accade quando Python non riesce ad interpretare il tuo codice.
    
    Python non riesce ad interpretare il codice contenuto nel file 'TESTS:\syntax\dict_value_missing_1.py'
    nella posizione indicata.
    
       1: a = {1:2, 3}
                     ^

    It looks like the error occurred as you were writing a Python dict.
    Perhaps wrote a dict key without writing the corresponding value.
    

(105) Value missing in dict - 2
-------------------------------

.. code-block:: none


    Traceback (most recent call last):
      File "TESTS:\trb_syntax_common.py", line 49, in create_tracebacks
        __import__(name)
      File "TESTS:\syntax\dict_value_missing_2.py", line 2
        a = {1:2, 3:}
                    ^
    SyntaxError: invalid syntax
    
        Did you forget to write a dict value?
        
    Un errore di tipo `SyntaxError` accade quando Python non riesce ad interpretare il tuo codice.
    
    Python non riesce ad interpretare il codice contenuto nel file 'TESTS:\syntax\dict_value_missing_2.py'
    nella posizione indicata.
    
       2: a = {1:2, 3:}
                      ^

    It looks like the error occurred as you were writing a Python dict.
    Perhaps you forgot to write a value after a colon.
    

(106) Value missing in dict - 3
-------------------------------

.. code-block:: none


    Traceback (most recent call last):
      File "TESTS:\trb_syntax_common.py", line 49, in create_tracebacks
        __import__(name)
      File "TESTS:\syntax\dict_value_missing_3.py", line 3
        a = {1:2, 3, 4:5}
                   ^
    SyntaxError: invalid syntax
    
        Did you forget to write a dict value?
        
    Un errore di tipo `SyntaxError` accade quando Python non riesce ad interpretare il tuo codice.
    
    Python non riesce ad interpretare il codice contenuto nel file 'TESTS:\syntax\dict_value_missing_3.py'
    nella posizione indicata.
    
       3: a = {1:2, 3, 4:5}
                     ^

    It looks like the error occurred as you were writing a Python dict.
    Perhaps wrote a dict key without writing the corresponding value.
    

(107) Value missing in dict - 4
-------------------------------

.. code-block:: none


    Traceback (most recent call last):
      File "TESTS:\trb_syntax_common.py", line 49, in create_tracebacks
        __import__(name)
      File "TESTS:\syntax\dict_value_missing_4.py", line 4
        a = {1:2, 3:, 4:5}
                    ^
    SyntaxError: invalid syntax
    
        Did you forget to write a dict value?
        
    Un errore di tipo `SyntaxError` accade quando Python non riesce ad interpretare il tuo codice.
    
    Python non riesce ad interpretare il codice contenuto nel file 'TESTS:\syntax\dict_value_missing_4.py'
    nella posizione indicata.
    
       4: a = {1:2, 3:, 4:5}
                      ^

    It looks like the error occurred as you were writing a Python dict.
    Perhaps you forgot to write a value after a colon.
    

(108) Different operators in a row
----------------------------------

.. code-block:: none


    Traceback (most recent call last):
      File "TESTS:\trb_syntax_common.py", line 49, in create_tracebacks
        __import__(name)
      File "TESTS:\syntax\different_operators_in_a_row.py", line 1
        3 */ 4
           ^
    SyntaxError: invalid syntax
    
    Un errore di tipo `SyntaxError` accade quando Python non riesce ad interpretare il tuo codice.
    
    Python non riesce ad interpretare il codice contenuto nel file 'TESTS:\syntax\different_operators_in_a_row.py'
    nella posizione indicata.
    
       1: 3 */ 4
            ^^

    You cannot have these two operators, `*` and `/`,
    following each other. Perhaps you wrote one of them by mistake
    or forgot to write something between them.
    

(109) Dot followed by parenthesis
---------------------------------

.. code-block:: none


    Traceback (most recent call last):
      File "TESTS:\trb_syntax_common.py", line 49, in create_tracebacks
        __import__(name)
      File "TESTS:\syntax\dot_before_paren.py", line 3
        print(len.('hello'))
                  ^
    SyntaxError: invalid syntax
    
    Un errore di tipo `SyntaxError` accade quando Python non riesce ad interpretare il tuo codice.
    
    Python non riesce ad interpretare il codice contenuto nel file 'TESTS:\syntax\dot_before_paren.py'
    nella posizione indicata.
    
       3: print(len.('hello'))
                    ^

    You cannot have a dot `.` followed by `(`.
    Perhaps you need to replace the dot by a comma.
    

(110) Extra token
-----------------

.. code-block:: none


    Traceback (most recent call last):
      File "TESTS:\trb_syntax_common.py", line 49, in create_tracebacks
        __import__(name)
      File "TESTS:\syntax\duplicate_token.py", line 1
        print(1 , , 2)
                  ^
    SyntaxError: invalid syntax
    
        Did you write `,` twice by mistake?
        
    Un errore di tipo `SyntaxError` accade quando Python non riesce ad interpretare il tuo codice.
    
    Python non riesce ad interpretare il codice contenuto nel file 'TESTS:\syntax\duplicate_token.py'
    nella posizione indicata.
    
       1: print(1 , , 2)
                    ^

    I am guessing that you wrote `,` twice in a row by mistake.
    If that is the case, you need to remove the second one.
    

(111) elif with no matching if
------------------------------

.. code-block:: none


    Traceback (most recent call last):
      File "TESTS:\trb_syntax_common.py", line 49, in create_tracebacks
        __import__(name)
      File "TESTS:\syntax\elif_not_matching_if.py", line 3
        elif True:
        ^
    SyntaxError: invalid syntax
    
    Un errore di tipo `SyntaxError` accade quando Python non riesce ad interpretare il tuo codice.
    
    Python non riesce ad interpretare il codice contenuto nel file 'TESTS:\syntax\elif_not_matching_if.py'
    nella posizione indicata.
    
       3:    elif True:
             ^^^^

    The `elif` keyword does not begin a code block that matches
    an `if` block, possibly because `elif` is not indented correctly.
    

(112) else with no matching statement
-------------------------------------

.. code-block:: none


    Traceback (most recent call last):
      File "TESTS:\trb_syntax_common.py", line 49, in create_tracebacks
        __import__(name)
      File "TESTS:\syntax\else_no_matching_statement.py", line 3
        else:
        ^
    SyntaxError: invalid syntax
    
    Un errore di tipo `SyntaxError` accade quando Python non riesce ad interpretare il tuo codice.
    
    Python non riesce ad interpretare il codice contenuto nel file 'TESTS:\syntax\else_no_matching_statement.py'
    nella posizione indicata.
    
       3:    else:
             ^^^^

    The `else` keyword does not begin a code block that matches
    a valid code block, possibly because `else` is not indented correctly.
    

(113) Write elif, not else if
-----------------------------

.. code-block:: none


    Traceback (most recent call last):
      File "TESTS:\trb_syntax_common.py", line 49, in create_tracebacks
        __import__(name)
      File "TESTS:\syntax\else_if_instead_of_elif.py", line 5
        else if True:
             ^
    SyntaxError: invalid syntax
    
        Perhaps you meant to write `elif`.
        
    Un errore di tipo `SyntaxError` accade quando Python non riesce ad interpretare il tuo codice.
    
    Python non riesce ad interpretare il codice contenuto nel file 'TESTS:\syntax\else_if_instead_of_elif.py'
    nella posizione indicata.
    
       5: else if True:
          ^^^^-^^

    You likely meant to use Python's `elif` keyword
    but wrote `else if` instead.
    
    

(114) Write elif, not elseif
----------------------------

.. code-block:: none


    Traceback (most recent call last):
      File "TESTS:\trb_syntax_common.py", line 49, in create_tracebacks
        __import__(name)
      File "TESTS:\syntax\elseif_instead_of_elif.py", line 5
        elseif True:
               ^
    SyntaxError: invalid syntax
    
        Perhaps you meant to write `elif`.
        
    Un errore di tipo `SyntaxError` accade quando Python non riesce ad interpretare il tuo codice.
    
    Python non riesce ad interpretare il codice contenuto nel file 'TESTS:\syntax\elseif_instead_of_elif.py'
    nella posizione indicata.
    
       5: elseif True:
          ^^^^^^

    You likely meant to use Python's `elif` keyword
    but wrote `elseif` instead.
    
    

(115) EOL while scanning string literal
---------------------------------------

.. code-block:: none


    Traceback (most recent call last):
      File "TESTS:\trb_syntax_common.py", line 49, in create_tracebacks
        __import__(name)
      File "TESTS:\syntax\eol_string_literal.py", line 3
        alphabet = 'abc
                       ^
    SyntaxError: EOL while scanning string literal
    
        Did you forget a closing quote?
        
    Un errore di tipo `SyntaxError` accade quando Python non riesce ad interpretare il tuo codice.
    
    Python non riesce ad interpretare il codice contenuto nel file 'TESTS:\syntax\eol_string_literal.py'
    nella posizione indicata.
    
       3: alphabet = 'abc
                      ^^^

    You started writing a string with a single or double quote
    but never ended the string with another quote on that line.
    

(116) Used equal sign instead of colon
--------------------------------------

.. code-block:: none


    Traceback (most recent call last):
      File "TESTS:\trb_syntax_common.py", line 49, in create_tracebacks
        __import__(name)
      File "TESTS:\syntax\equal_sign_instead_of_colon.py", line 4
        ages = {'Alice'=22, 'Bob'=24}
                       ^
    SyntaxError: invalid syntax
    
    Un errore di tipo `SyntaxError` accade quando Python non riesce ad interpretare il tuo codice.
    
    Python non riesce ad interpretare il codice contenuto nel file 'TESTS:\syntax\equal_sign_instead_of_colon.py'
    nella posizione indicata.
    
       4: ages = {'Alice'=22, 'Bob'=24}
                         ^

    It is possible that you used an equal sign `=` instead of a colon `:`
    to assign values to keys in a dict
    before or at the position indicated by ^.
    

(117) Parens around multiple exceptions
---------------------------------------

.. code-block:: none


    Traceback (most recent call last):
      File "TESTS:\trb_syntax_common.py", line 49, in create_tracebacks
        __import__(name)
      File "TESTS:\syntax\except_multiple_exceptions.py", line 3
        except NameError, ValueError as err:
                        ^
    SyntaxError: invalid syntax
    
        Did you forget parentheses?
        
    Un errore di tipo `SyntaxError` accade quando Python non riesce ad interpretare il tuo codice.
    
    Python non riesce ad interpretare il codice contenuto nel file 'TESTS:\syntax\except_multiple_exceptions.py'
    nella posizione indicata.
    
       3: except NameError, ValueError as err:
                          ^

    I am guessing that you wanted to use an `except` statement
    with multiple exception types. If that is the case, you must
    surround them with parentheses.
    

(118) Extra token
-----------------

.. code-block:: none


    Traceback (most recent call last):
      File "TESTS:\trb_syntax_common.py", line 49, in create_tracebacks
        __import__(name)
      File "TESTS:\syntax\extra_token.py", line 1
        print(1 / 2) ==
                       ^
    SyntaxError: invalid syntax
    
        Did you write `==` by mistake?
        
    Un errore di tipo `SyntaxError` accade quando Python non riesce ad interpretare il tuo codice.
    
    Python non riesce ad interpretare il codice contenuto nel file 'TESTS:\syntax\extra_token.py'
    nella posizione indicata.
    
       1: print(1 / 2) ==
                       ^^

    I am guessing that you wrote `==` by mistake.
    Removing it and writing `print(1 / 2)` seems to fix the error.
    

(119) Binary f-string not allowed
---------------------------------

.. code-block:: none


    Traceback (most recent call last):
      File "TESTS:\trb_syntax_common.py", line 49, in create_tracebacks
        __import__(name)
      File "TESTS:\syntax\f_string_binary.py", line 1
        greet = bf"Hello {name}"
                  ^
    SyntaxError: invalid syntax
    
        `bf` is an illegal string prefix.
        
    Un errore di tipo `SyntaxError` accade quando Python non riesce ad interpretare il tuo codice.
    
    Python non riesce ad interpretare il codice contenuto nel file 'TESTS:\syntax\f_string_binary.py'
    nella posizione indicata.
    
       1: greet = bf"Hello {name}"
                    ^^^^^^^^^^^^^^

    I am guessing that you wanted a binary f-string;
    this is not allowed.
    

(120) f-string: closing } not allowed
-------------------------------------

.. code-block:: none


    Traceback (most recent call last):
      File "TESTS:\trb_syntax_common.py", line 49, in create_tracebacks
        __import__(name)
      File "TESTS:\syntax\f_string_curly_not_allowed.py", line 1
        f"ab}"
              ^
    SyntaxError: f-string: single '}' is not allowed
    
    Un errore di tipo `SyntaxError` accade quando Python non riesce ad interpretare il tuo codice.
    
    Python non riesce ad interpretare il codice contenuto nel file 'TESTS:\syntax\f_string_curly_not_allowed.py'
    nella posizione indicata.
    
       1: f"ab}"
          ^^^^^^

    You have written an f-string which has an unmatched `}`.
    If you want to print a single `}`, you need to write `}}` in the f-string;
    otherwise, you need to add an opening `{`.
    

(121) f-string: missing closing }
---------------------------------

.. code-block:: none


    Traceback (most recent call last):
      File "TESTS:\trb_syntax_common.py", line 49, in create_tracebacks
        __import__(name)
      File "TESTS:\syntax\f_string_expected_curly.py", line 1
        f"{ab"
              ^
    SyntaxError: f-string: expecting '}'
    
    Un errore di tipo `SyntaxError` accade quando Python non riesce ad interpretare il tuo codice.
    
    Python non riesce ad interpretare il codice contenuto nel file 'TESTS:\syntax\f_string_expected_curly.py'
    nella posizione indicata.
    
       1: f"{ab"
          ^^^^^^

    You have written an f-string which has an unmatched `{`.
    If you want to print a single `{`, you need to write `{{` in the f-string;
    otherwise, you need to add a closing `}`.
    

(122) f-string: unterminated string
-----------------------------------

.. code-block:: none


    Traceback (most recent call last):
      File "TESTS:\trb_syntax_common.py", line 49, in create_tracebacks
        __import__(name)
      File "TESTS:\syntax\f_string_unterminated.py", line 4
        print(f"Bob is {age['Bob]} years old.")
                                              ^
    SyntaxError: f-string: unterminated string
    
        Perhaps you forgot a closing quote.
        
    Un errore di tipo `SyntaxError` accade quando Python non riesce ad interpretare il tuo codice.
    
    Python non riesce ad interpretare il codice contenuto nel file 'TESTS:\syntax\f_string_unterminated.py'
    nella posizione indicata.
    
       4: print(f"Bob is {age['Bob]} years old.")
                                                ^

    Inside the f-string `f"Bob is {age['Bob]} years old."`, 
    you have another string, which starts with either a
    single quote (') or double quote ("), without a matching closing one.
    

(123) f-string with backslash
-----------------------------

.. code-block:: none


    Traceback (most recent call last):
      File "TESTS:\trb_syntax_common.py", line 49, in create_tracebacks
        __import__(name)
      File "TESTS:\syntax\f_string_with_backslash.py", line 2
        print(f"{'\n'.join(names)}")
                                   ^
    SyntaxError: f-string expression part cannot include a backslash
    
    Un errore di tipo `SyntaxError` accade quando Python non riesce ad interpretare il tuo codice.
    
    Python non riesce ad interpretare il codice contenuto nel file 'TESTS:\syntax\f_string_with_backslash.py'
    nella posizione indicata.
    
       2: print(f"{'\n'.join(names)}")
                                     ^

    You have written an f-string whose content `{...}`
    includes a backslash; this is not allowed.
    Perhaps you can replace the part that contains a backslash by
    some variable. For example, suppose that you have an f-string like:
    
        f"{... 'hello\n' ...}"
    
    you could write this as
    
        hello = 'hello\n'
        f"{... hello ...}"
    

(124) Missing terms in for statement
------------------------------------

.. code-block:: none


    Traceback (most recent call last):
      File "TESTS:\trb_syntax_common.py", line 49, in create_tracebacks
        __import__(name)
      File "TESTS:\syntax\for_missing_terms.py", line 1
        for:
           ^
    SyntaxError: invalid syntax
    
        A `for` loop requires at least 3 more terms.
        
    Un errore di tipo `SyntaxError` accade quando Python non riesce ad interpretare il tuo codice.
    
    Python non riesce ad interpretare il codice contenuto nel file 'TESTS:\syntax\for_missing_terms.py'
    nella posizione indicata.
    
       1: for:
             ^

    A `for` loop is an iteration over a sequence:
    
        for element in sequence:
            ...
    
    

(125) Not a chance!
-------------------

.. code-block:: none


    Traceback (most recent call last):
      File "TESTS:\trb_syntax_common.py", line 49, in create_tracebacks
        __import__(name)
      File "TESTS:\syntax\future_braces.py", line 1
        from __future__ import braces
        ^
    SyntaxError: not a chance
    
    Un errore di tipo `SyntaxError` accade quando Python non riesce ad interpretare il tuo codice.
    
    Python non riesce ad interpretare il codice contenuto nel file 'TESTS:\syntax\future_braces.py'
    nella posizione indicata.
    
       1: from __future__ import braces
          ^^^^

    I suspect you wrote `from __future__ import braces` following
    someone else's suggestion. This will never work.
    
    Unlike other programming languages, Python's code block are defined by
    their indentation level, and not by using some curly braces, like `{...}`.
    

(126) Do not import * from __future__
-------------------------------------

.. code-block:: none


    Traceback (most recent call last):
      File "TESTS:\trb_syntax_common.py", line 49, in create_tracebacks
        __import__(name)
      File "TESTS:\syntax\future_import_star.py", line 1
        from __future__ import *
        ^
    SyntaxError: future feature * is not defined
    
    Un errore di tipo `SyntaxError` accade quando Python non riesce ad interpretare il tuo codice.
    
    Python non riesce ad interpretare il codice contenuto nel file 'TESTS:\syntax\future_import_star.py'
    nella posizione indicata.
    
       1: from __future__ import *
          ^^^^

    When using a `from __future__ import` statement,
    you must import specific named features.
    
    The available features are `nested_scopes,
     generators,
     division,
     absolute_import,
     with_statement,
     print_function,
     unicode_literals,
     barry_as_FLUFL,
     generator_stop,
     annotations`.
    

(127) __future__ at beginning
-----------------------------

.. code-block:: none


    Traceback (most recent call last):
      File "TESTS:\trb_syntax_common.py", line 49, in create_tracebacks
        __import__(name)
      File "TESTS:\syntax\future_must_be_first.py", line 3
        from __future__ import generators
        ^
    SyntaxError: from __future__ imports must occur at the beginning of the file
    
    Un errore di tipo `SyntaxError` accade quando Python non riesce ad interpretare il tuo codice.
    
    Python non riesce ad interpretare il codice contenuto nel file 'TESTS:\syntax\future_must_be_first.py'
    nella posizione indicata.
    
       3:     from __future__ import generators
              ^^^^

    A `from __future__ import` statement changes the way Python
    interprets the code in a file.
    It must appear at the beginning of the file.

(128) Typo in __future__
------------------------

.. code-block:: none


    Traceback (most recent call last):
      File "TESTS:\trb_syntax_common.py", line 49, in create_tracebacks
        __import__(name)
      File "TESTS:\syntax\future_typo.py", line 1
        from __future__ import divisio
        ^
    SyntaxError: future feature divisio is not defined
    
        Intendevi `division`?
        
    Un errore di tipo `SyntaxError` accade quando Python non riesce ad interpretare il tuo codice.
    
    Python non riesce ad interpretare il codice contenuto nel file 'TESTS:\syntax\future_typo.py'
    nella posizione indicata.
    
       1: from __future__ import divisio
          ^^^^

    Instead of `divisio`, perhaps you meant to import `division`.
    

(129) Unknown feature in __future__
-----------------------------------

.. code-block:: none


    Traceback (most recent call last):
      File "TESTS:\trb_syntax_common.py", line 49, in create_tracebacks
        __import__(name)
      File "TESTS:\syntax\future_unknown.py", line 1
        from __future__ import something
        ^
    SyntaxError: future feature something is not defined
    
    Un errore di tipo `SyntaxError` accade quando Python non riesce ad interpretare il tuo codice.
    
    Python non riesce ad interpretare il codice contenuto nel file 'TESTS:\syntax\future_unknown.py'
    nella posizione indicata.
    
       1: from __future__ import something
          ^^^^

    `something` is not a valid feature of module `__future__`.
    
    The available features are `nested_scopes,
     generators,
     division,
     absolute_import,
     with_statement,
     print_function,
     unicode_literals,
     barry_as_FLUFL,
     generator_stop,
     annotations`.
    

(130) Parenthesis around generator expression
---------------------------------------------

.. code-block:: none


    Traceback (most recent call last):
      File "TESTS:\trb_syntax_common.py", line 49, in create_tracebacks
        __import__(name)
      File "TESTS:\syntax\generator_expression_parens.py", line 6
        f(x for x in L, 1)
          ^
    SyntaxError: Generator expression must be parenthesized
    
    Un errore di tipo `SyntaxError` accade quando Python non riesce ad interpretare il tuo codice.
    
    Python non riesce ad interpretare il codice contenuto nel file 'TESTS:\syntax\generator_expression_parens.py'
    nella posizione indicata.
    
       6: f(x for x in L, 1)
            ^

    You are using a generator expression, something of the form
    
        x for x in thing
    
    You must add parentheses enclosing that expression.
    

(131) Space between names
-------------------------

.. code-block:: none


    Traceback (most recent call last):
      File "TESTS:\trb_syntax_common.py", line 49, in create_tracebacks
        __import__(name)
      File "TESTS:\syntax\hyphen_instead_of_underscore.py", line 4
        a-b = 2
        ^
    SyntaxError: cannot assign to operator
    
        Intendevi `a_b`?
        
    Un errore di tipo `SyntaxError` accade quando Python non riesce ad interpretare il tuo codice.
    
    Python non riesce ad interpretare il codice contenuto nel file 'TESTS:\syntax\hyphen_instead_of_underscore.py'
    nella posizione indicata.
    
       4: a-b = 2
          ^

    You wrote an expression that includes some mathematical operations
    on the left-hand side of the equal sign which should be
    only used to assign a value to a variable.
    Perhaps you meant to write `a_b` instead of `a-b`
    

(132) Missing condition in if statement
---------------------------------------

.. code-block:: none


    Traceback (most recent call last):
      File "TESTS:\trb_syntax_common.py", line 49, in create_tracebacks
        __import__(name)
      File "TESTS:\syntax\if_missing_condition.py", line 1
        if:
          ^
    SyntaxError: invalid syntax
    
        You forgot to add a condition.
        
    Un errore di tipo `SyntaxError` accade quando Python non riesce ad interpretare il tuo codice.
    
    Python non riesce ad interpretare il codice contenuto nel file 'TESTS:\syntax\if_missing_condition.py'
    nella posizione indicata.
    
       1: if:
            ^

    An `if` statement requires a condition:
    
        if condition:
            ...
    
    

(133) use j instead of i
------------------------

.. code-block:: none


    Traceback (most recent call last):
      File "TESTS:\trb_syntax_common.py", line 49, in create_tracebacks
        __import__(name)
      File "TESTS:\syntax\imaginary_i.py", line 3
        a = 3.0i
               ^
    SyntaxError: invalid syntax
    
        Did you mean `3.0j`?
        
    Un errore di tipo `SyntaxError` accade quando Python non riesce ad interpretare il tuo codice.
    
    Python non riesce ad interpretare il codice contenuto nel file 'TESTS:\syntax\imaginary_i.py'
    nella posizione indicata.
    
       3: a = 3.0i
                 ^

    Perhaps you thought that `i` could be used to represent
    the square root of `-1`. In Python, the symbol used for this is `j`
    and the complex part is written as `some_number` immediately
    followed by `j`, with no spaces in between.
    Perhaps you meant to write `3.0j`.
    

(134) Import inversion: import X from Y
---------------------------------------

.. code-block:: none


    Traceback (most recent call last):
      File "TESTS:\trb_syntax_common.py", line 49, in create_tracebacks
        __import__(name)
      File "TESTS:\syntax\import_from.py", line 3
        import pen from turtle
                   ^
    SyntaxError: invalid syntax
    
        Did you mean `from turtle import pen`?
        
    Un errore di tipo `SyntaxError` accade quando Python non riesce ad interpretare il tuo codice.
    
    Python non riesce ad interpretare il codice contenuto nel file 'TESTS:\syntax\import_from.py'
    nella posizione indicata.
    
       3: import pen from turtle
          ^^^^^^     ^^^^

    You wrote something like
    
        import pen from turtle
    
    instead of
    
        from turtle import pen
    
    

(135) IndentationError: expected an indented block
--------------------------------------------------

.. code-block:: none


    Traceback (most recent call last):
      File "TESTS:\trb_syntax_common.py", line 49, in create_tracebacks
        __import__(name)
      File "TESTS:\syntax\indentation_error_1.py", line 4
        pass
        ^
    IndentationError: expected an indented block
    
    An `IndentationError` occurs when a given line of code is
    not indented (aligned vertically with other lines) as expected.
    
    Python non riesce ad interpretare il codice contenuto nel file 'TESTS:\syntax\indentation_error_1.py'
    nella posizione indicata.
    
       4: pass
          ^^^^

    Line `4` identified above was expected to begin a new indented block.
    

(136) IndentationError: unexpected indent
-----------------------------------------

.. code-block:: none


    Traceback (most recent call last):
      File "TESTS:\trb_syntax_common.py", line 49, in create_tracebacks
        __import__(name)
      File "TESTS:\syntax\indentation_error_2.py", line 4
        pass
        ^
    IndentationError: unexpected indent
    
    An `IndentationError` occurs when a given line of code is
    not indented (aligned vertically with other lines) as expected.
    
    Python non riesce ad interpretare il codice contenuto nel file 'TESTS:\syntax\indentation_error_2.py'
    nella posizione indicata.
    
       4:       pass
                ^^^^

    Line `4` identified above is more indented than expected.
    

(137) IndentationError: unindent does not match ...
---------------------------------------------------

.. code-block:: none


    Traceback (most recent call last):
      File "TESTS:\trb_syntax_common.py", line 49, in create_tracebacks
        __import__(name)
      File "TESTS:\syntax\indentation_error_3.py", line 5
        pass
            ^
    IndentationError: unindent does not match any outer indentation level
    
    An `IndentationError` occurs when a given line of code is
    not indented (aligned vertically with other lines) as expected.
    
    Python non riesce ad interpretare il codice contenuto nel file 'TESTS:\syntax\indentation_error_3.py'
    nella posizione indicata.
    
       5:     pass
              ^^^^

    Line `5` identified above is less indented than expected.
    

(138) IndentationError: missing continuation line
-------------------------------------------------

.. code-block:: none


    Traceback (most recent call last):
      File "TESTS:\trb_syntax_common.py", line 49, in create_tracebacks
        __import__(name)
      File "TESTS:\syntax\indentation_error_4.py", line 6
        "c"
        ^
    IndentationError: unexpected indent
    
    An `IndentationError` occurs when a given line of code is
    not indented (aligned vertically with other lines) as expected.
    
    Python non riesce ad interpretare il codice contenuto nel file 'TESTS:\syntax\indentation_error_4.py'
    nella posizione indicata.
    
       6:          "c"
                   ^^^

    Line `6` identified above is more indented than expected.
    
    However, line 6, which is identified as having a problem,
    consists of a single string which is also the case
    for the preceding line.
    Perhaps you meant to include a continuation character, `\`,
    at the end of line 5.
    

(139) Forgot 'o' for octal
--------------------------

.. code-block:: none


    Traceback (most recent call last):
      File "TESTS:\trb_syntax_common.py", line 49, in create_tracebacks
        __import__(name)
      File "TESTS:\syntax\integer_with_leading_zero_1.py", line 1
        x = 01
             ^
    SyntaxError: leading zeros in decimal integer literals are not permitted; use an 0o prefix for octal integers
    
        Did you mean `0o1`?
        
    Un errore di tipo `SyntaxError` accade quando Python non riesce ad interpretare il tuo codice.
    
    Python non riesce ad interpretare il codice contenuto nel file 'TESTS:\syntax\integer_with_leading_zero_1.py'
    nella posizione indicata.
    
       1: x = 01
               ^

    Perhaps you meant to write the octal number `0o1`
    and forgot the letter 'o', or perhaps you meant to write
    a decimal integer and did not know that it could not start with zeros.
    

(140) Integer with leading zeros
--------------------------------

.. code-block:: none


    Traceback (most recent call last):
      File "TESTS:\trb_syntax_common.py", line 49, in create_tracebacks
        __import__(name)
      File "TESTS:\syntax\integer_with_leading_zero_2.py", line 1
        x = 000_123_456
                      ^
    SyntaxError: leading zeros in decimal integer literals are not permitted; use an 0o prefix for octal integers
    
        Did you mean `123_456`?
        
    Un errore di tipo `SyntaxError` accade quando Python non riesce ad interpretare il tuo codice.
    
    Python non riesce ad interpretare il codice contenuto nel file 'TESTS:\syntax\integer_with_leading_zero_2.py'
    nella posizione indicata.
    
       1: x = 000_123_456
                 ^^^^^^^^

    Perhaps you meant to write the integer `123_456`
    and did not know that it could not start with zeros.
    

(141) Invalid character in identifier
-------------------------------------

.. code-block:: none


    Traceback (most recent call last):
      File "TESTS:\trb_syntax_common.py", line 49, in create_tracebacks
        __import__(name)
      File "TESTS:\syntax\invalid_character_in_identifier.py", line 6
         = 'Reeborg'
        ^
    SyntaxError: invalid character '' (U+1F916)
    
    Un errore di tipo `SyntaxError` accade quando Python non riesce ad interpretare il tuo codice.
    
    Python non riesce ad interpretare il codice contenuto nel file 'TESTS:\syntax\invalid_character_in_identifier.py'
    nella posizione indicata.
    
       6:  = 'Reeborg'
          ^

    Python indicates that you used the unicode character ``
    which is not allowed.
    

(142) Invalid decimal literal - 1
---------------------------------

.. code-block:: none


    Traceback (most recent call last):
      File "TESTS:\trb_syntax_common.py", line 49, in create_tracebacks
        __import__(name)
      File "TESTS:\syntax\invalid_decimal_literal1.py", line 1
        a = 1e
             ^
    SyntaxError: invalid syntax
    
        Perhaps you forgot a multiplication operator, `1 * e`.
        
    Un errore di tipo `SyntaxError` accade quando Python non riesce ad interpretare il tuo codice.
    
    Python non riesce ad interpretare il codice contenuto nel file 'TESTS:\syntax\invalid_decimal_literal1.py'
    nella posizione indicata.
    
       1: a = 1e
               ^

    Valid names cannot begin with a number.
    Perhaps you forgot a multiplication operator, `1 * e`.
    
    

(143) Invalid encoding
----------------------

.. code-block:: none


    Traceback (most recent call last):
      File "TESTS:\trb_syntax_common.py", line 49, in create_tracebacks
        __import__(name)
      File "TESTS:\syntax\invalid_encoding.py", line 2, in <module>
        compile(source, filename="example.py", mode="exec")
      File "TESTS:\example.py", line 0
    SyntaxError: encoding problem: utf8 with BOM
    
    Un errore di tipo `SyntaxError` accade quando Python non riesce ad interpretare il tuo codice.
    
    Python non riesce ad interpretare il codice contenuto nel file 'TESTS:\example.py'
    .
    
    L'encoding del file non  valido.
    

(144) Invalid hexadecimal number
--------------------------------

.. code-block:: none


    Traceback (most recent call last):
      File "TESTS:\trb_syntax_common.py", line 49, in create_tracebacks
        __import__(name)
      File "TESTS:\syntax\invalid_hexadecimal.py", line 3
        a = 0x123g4
                 ^
    SyntaxError: invalid syntax
    
        Did you made a mistake in writing an hexadecimal integer?
        
    Un errore di tipo `SyntaxError` accade quando Python non riesce ad interpretare il tuo codice.
    
    Python non riesce ad interpretare il codice contenuto nel file 'TESTS:\syntax\invalid_hexadecimal.py'
    nella posizione indicata.
    
       3: a = 0x123g4
                   ^^

    It looks like you used an invalid character (`g`) in an hexadecimal number.
    
    Hexadecimal numbers are base 16 integers that use the symbols `0` to `9`
    to represent values 0 to 9, and the letters `a` to `f` (or `A` to `F`)
    to represent values 10 to 15.
    In Python, hexadecimal numbers start with either `0x` or `0X`,
    followed by the characters used to represent the value of that integer.
    

(145) Valid names cannot begin with a number
--------------------------------------------

.. code-block:: none


    Traceback (most recent call last):
      File "TESTS:\trb_syntax_common.py", line 49, in create_tracebacks
        __import__(name)
      File "TESTS:\syntax\invalid_identifier.py", line 3
        36abc = 3
          ^
    SyntaxError: invalid syntax
    
        Valid names cannot begin with a number.
        
    Un errore di tipo `SyntaxError` accade quando Python non riesce ad interpretare il tuo codice.
    
    Python non riesce ad interpretare il codice contenuto nel file 'TESTS:\syntax\invalid_identifier.py'
    nella posizione indicata.
    
       3: 36abc = 3
            ^^^

    Valid names cannot begin with a number.
    

(146) Valid names cannot begin with a number - 2
------------------------------------------------

.. code-block:: none


    Traceback (most recent call last):
      File "TESTS:\trb_syntax_common.py", line 49, in create_tracebacks
        __import__(name)
      File "TESTS:\syntax\invalid_identifier_2.py", line 3
        tau = 2pi
               ^
    SyntaxError: invalid syntax
    
        Perhaps you forgot a multiplication operator, `2 * pi`.
        
    Un errore di tipo `SyntaxError` accade quando Python non riesce ad interpretare il tuo codice.
    
    Python non riesce ad interpretare il codice contenuto nel file 'TESTS:\syntax\invalid_identifier_2.py'
    nella posizione indicata.
    
       3: tau = 2pi
                 ^^

    Valid names cannot begin with a number.
    Perhaps you forgot a multiplication operator, `2 * pi`.
    
    

(147) Valid names cannot begin with a number - 3
------------------------------------------------

.. code-block:: none


    Traceback (most recent call last):
      File "TESTS:\trb_syntax_common.py", line 49, in create_tracebacks
        __import__(name)
      File "TESTS:\syntax\invalid_identifier_3.py", line 1
        3job  # could be entered in a repl
          ^
    SyntaxError: invalid syntax
    
        Perhaps you forgot a multiplication operator, `3 * job`.
        
    Un errore di tipo `SyntaxError` accade quando Python non riesce ad interpretare il tuo codice.
    
    Python non riesce ad interpretare il codice contenuto nel file 'TESTS:\syntax\invalid_identifier_3.py'
    nella posizione indicata.
    
       1: 3job  # could be entered in a repl
            ^^

    Valid names cannot begin with a number.
    Perhaps you forgot a multiplication operator, `3 * job`.
    
    [Note: `3j * ob` would also be valid
    since `3j` is a complex number.]
    

(148) Valid names cannot begin with a number - 4
------------------------------------------------

.. code-block:: none


    Traceback (most recent call last):
      File "TESTS:\trb_syntax_common.py", line 49, in create_tracebacks
        __import__(name)
      File "TESTS:\syntax\invalid_identifier_4.py", line 1
        3job = 1
          ^
    SyntaxError: invalid syntax
    
        Valid names cannot begin with a number.
        
    Un errore di tipo `SyntaxError` accade quando Python non riesce ad interpretare il tuo codice.
    
    Python non riesce ad interpretare il codice contenuto nel file 'TESTS:\syntax\invalid_identifier_4.py'
    nella posizione indicata.
    
       1: 3job = 1
            ^^

    Valid names cannot begin with a number.
    

(149) Valid names cannot begin with a number - 5
------------------------------------------------

.. code-block:: none


    Traceback (most recent call last):
      File "TESTS:\trb_syntax_common.py", line 49, in create_tracebacks
        __import__(name)
      File "TESTS:\syntax\invalid_identifier_5.py", line 1
        print(42java)
                 ^
    SyntaxError: invalid syntax
    
        Perhaps you forgot a multiplication operator, `42 * java`.
        
    Un errore di tipo `SyntaxError` accade quando Python non riesce ad interpretare il tuo codice.
    
    Python non riesce ad interpretare il codice contenuto nel file 'TESTS:\syntax\invalid_identifier_5.py'
    nella posizione indicata.
    
       1: print(42java)
                   ^^^

    Valid names cannot begin with a number.
    Perhaps you forgot a multiplication operator, `42 * java`.
    
    [Note: `42j * ava` would also be valid
    since `42j` is a complex number.]
    

(150) Keyword can't be an expression
------------------------------------

.. code-block:: none


    Traceback (most recent call last):
      File "TESTS:\trb_syntax_common.py", line 49, in create_tracebacks
        __import__(name)
      File "TESTS:\syntax\invalid_keyword_argument.py", line 7
        a = dict('key'=1)
                 ^
    SyntaxError: expression cannot contain assignment, perhaps you meant "=="?
    
    Un errore di tipo `SyntaxError` accade quando Python non riesce ad interpretare il tuo codice.
    
    Python non riesce ad interpretare il codice contenuto nel file 'TESTS:\syntax\invalid_keyword_argument.py'
    nella posizione indicata.
    
       7: a = dict('key'=1)
                   ^^^^^

    You likely called a function with a named argument:
    
        a_function(invalid=something) 
    
    where `invalid` is not a valid variable name in Python
    either because it starts with a number, or is a string,
    or contains a period, etc.
    

(151) Named argument can't be a Python keyword
----------------------------------------------

.. code-block:: none


    Traceback (most recent call last):
      File "TESTS:\trb_syntax_common.py", line 49, in create_tracebacks
        __import__(name)
      File "TESTS:\syntax\invalid_keyword_argument_2.py", line 7
        a = dict(True=1)
                 ^
    SyntaxError: expression cannot contain assignment, perhaps you meant "=="?
    
        You cannot assign a value to `True`.
        
    Un errore di tipo `SyntaxError` accade quando Python non riesce ad interpretare il tuo codice.
    
    Python non riesce ad interpretare il codice contenuto nel file 'TESTS:\syntax\invalid_keyword_argument_2.py'
    nella posizione indicata.
    
       7: a = dict(True=1)
                   ^^^^

    You likely called a function using the Python keyword `True` as an argument:
    
        a_function(True=something) 
    
    which Python interpreted as trying to assign a value to a Python keyword.
    
    You cannot assign a value to `True`.
    

(152) Invalid octal number
--------------------------

.. code-block:: none


    Traceback (most recent call last):
      File "TESTS:\trb_syntax_common.py", line 49, in create_tracebacks
        __import__(name)
      File "TESTS:\syntax\invalid_octal.py", line 3
        b = 0O1876
               ^
    SyntaxError: invalid digit '8' in octal literal
    
        Did you made a mistake in writing an octal integer?
        
    Un errore di tipo `SyntaxError` accade quando Python non riesce ad interpretare il tuo codice.
    
    Python non riesce ad interpretare il codice contenuto nel file 'TESTS:\syntax\invalid_octal.py'
    nella posizione indicata.
    
       3: b = 0O1876
                 ^^^

    It looks like you used an invalid character (`8`) in an octal number.
    
    Octal numbers are base 8 integers that only use the symbols `0` to `7`
    to represent values.
    In Python, hexadecimal numbers start with either `0o` or `0O`,
    (the digit zero followed by the letter `o`)
    followed by the characters used to represent the value of that integer.
    

(153) Inverted operators 1
--------------------------

.. code-block:: none


    Traceback (most recent call last):
      File "TESTS:\trb_syntax_common.py", line 49, in create_tracebacks
        __import__(name)
      File "TESTS:\syntax\inverted_operators.py", line 1
        a =< 3
           ^
    SyntaxError: invalid syntax
    
        Did you write operators in an incorrect order?
        
    Un errore di tipo `SyntaxError` accade quando Python non riesce ad interpretare il tuo codice.
    
    Python non riesce ad interpretare il codice contenuto nel file 'TESTS:\syntax\inverted_operators.py'
    nella posizione indicata.
    
       1: a =< 3
            ^^

    It looks like you wrote two operators (`=` and `<`)
    in the wrong order: `=<` instead of `<=`.
    

(154) Inverted operators 2
--------------------------

.. code-block:: none


    Traceback (most recent call last):
      File "TESTS:\trb_syntax_common.py", line 49, in create_tracebacks
        __import__(name)
      File "TESTS:\syntax\inverted_operators_2.py", line 1
        a =<* 3
           ^
    SyntaxError: invalid syntax
    
        Did you write operators in an incorrect order?
        
    Un errore di tipo `SyntaxError` accade quando Python non riesce ad interpretare il tuo codice.
    
    Python non riesce ad interpretare il codice contenuto nel file 'TESTS:\syntax\inverted_operators_2.py'
    nella posizione indicata.
    
       1: a =<* 3
            ^^

    It looks like you wrote two operators (`=` and `<`)
    in the wrong order: `=<` instead of `<=`.
    
    However, making such a change would still not correct
    all the syntax errors in the code you wrote.
    

(155) Iteration variable unpacking in comprehension
---------------------------------------------------

.. code-block:: none


    Traceback (most recent call last):
      File "TESTS:\trb_syntax_common.py", line 49, in create_tracebacks
        __import__(name)
      File "TESTS:\syntax\iteration_unpacking_in_comprehension.py", line 1
        [*x for x in xs]
         ^
    SyntaxError: iterable unpacking cannot be used in comprehension
    
    Un errore di tipo `SyntaxError` accade quando Python non riesce ad interpretare il tuo codice.
    
    Python non riesce ad interpretare il codice contenuto nel file 'TESTS:\syntax\iteration_unpacking_in_comprehension.py'
    nella posizione indicata.
    
       1: [*x for x in xs]
           ^

    You cannot use the `*` operator to unpack the iteration variable
    in a comprehension.
    
    The following statement has no syntax error:
    
        [x for x in xs]
    

(156) Keyword arg only once in function call
--------------------------------------------

.. code-block:: none


    Traceback (most recent call last):
      File "TESTS:\trb_syntax_common.py", line 49, in create_tracebacks
        __import__(name)
      File "TESTS:\syntax\keyword_arg_repeated.py", line 4
        f(ad=1, ad=2)
                ^
    SyntaxError: keyword argument repeated: ad
    
    Un errore di tipo `SyntaxError` accade quando Python non riesce ad interpretare il tuo codice.
    
    Python non riesce ad interpretare il codice contenuto nel file 'TESTS:\syntax\keyword_arg_repeated.py'
    nella posizione indicata.
    
       4: f(ad=1, ad=2)
                  ^^

    You have called a function repeating the same keyword argument (`ad`).
    Each keyword argument should appear only once in a function call.
    

(157) Keyword as attribute
--------------------------

.. code-block:: none


    Traceback (most recent call last):
      File "TESTS:\trb_syntax_common.py", line 49, in create_tracebacks
        __import__(name)
      File "TESTS:\syntax\keyword_as_attribute.py", line 12
        a.pass = 2
          ^
    SyntaxError: invalid syntax
    
        `pass` cannot be used as an attribute.
        
    Un errore di tipo `SyntaxError` accade quando Python non riesce ad interpretare il tuo codice.
    
    Python non riesce ad interpretare il codice contenuto nel file 'TESTS:\syntax\keyword_as_attribute.py'
    nella posizione indicata.
    
       12: a.pass = 2
             ^^^^

    You cannot use the Python keyword `pass` as an attribute.
    
    

(158) lambda with parentheses around arguments
----------------------------------------------

.. code-block:: none


    Traceback (most recent call last):
      File "TESTS:\trb_syntax_common.py", line 49, in create_tracebacks
        __import__(name)
      File "TESTS:\syntax\lambda_with_parens.py", line 2
        x = lambda (a, b): a + b
                   ^
    SyntaxError: invalid syntax
    
    Un errore di tipo `SyntaxError` accade quando Python non riesce ad interpretare il tuo codice.
    
    Python non riesce ad interpretare il codice contenuto nel file 'TESTS:\syntax\lambda_with_parens.py'
    nella posizione indicata.
    
       2: x = lambda (a, b): a + b
                     ^

    `lambda` does not allow parentheses around its arguments.
    This was allowed in Python 2 but it not allowed in Python 3.
    

(159) lambda with tuple as argument
-----------------------------------

.. code-block:: none


    Traceback (most recent call last):
      File "TESTS:\trb_syntax_common.py", line 49, in create_tracebacks
        __import__(name)
      File "TESTS:\syntax\lambda_with_tuple_argument.py", line 2
        x = lambda a, (b, c): a + b + b
                      ^
    SyntaxError: invalid syntax
    
    Un errore di tipo `SyntaxError` accade quando Python non riesce ad interpretare il tuo codice.
    
    Python non riesce ad interpretare il codice contenuto nel file 'TESTS:\syntax\lambda_with_tuple_argument.py'
    nella posizione indicata.
    
       2: x = lambda a, (b, c): a + b + b
                        ^

    You cannot have explicit tuples as arguments.
    Assign any tuple to a parameter and unpack it
    within the body of the function.
    

(160) Assign to literal in for loop
-----------------------------------

.. code-block:: none


    Traceback (most recent call last):
      File "TESTS:\trb_syntax_common.py", line 49, in create_tracebacks
        __import__(name)
      File "TESTS:\syntax\literal_in_for_loop.py", line 1
        for "char" in "word":
            ^
    SyntaxError: cannot assign to literal
    
        You can only assign objects to identifiers (variable names).
        
    Un errore di tipo `SyntaxError` accade quando Python non riesce ad interpretare il tuo codice.
    
    Python non riesce ad interpretare il codice contenuto nel file 'TESTS:\syntax\literal_in_for_loop.py'
    nella posizione indicata.
    
       1: for "char" in "word":
              ^^^^^^

    A for loop must have the form:
    
        for ... in sequence:
    
    where `...` must contain only identifiers (variable names)
    and not literals like `"char"`.
    

(161) IndentationError/SyntaxError depending on version
-------------------------------------------------------

.. code-block:: none


    Traceback (most recent call last):
      File "TESTS:\trb_syntax_common.py", line 49, in create_tracebacks
        __import__(name)
      File "TESTS:\syntax\missing_code_block.py", line 4
    IndentationError: expected an indented block
    
    An `IndentationError` occurs when a given line of code is
    not indented (aligned vertically with other lines) as expected.
    
    Python non riesce ad interpretare il codice contenuto nel file 'TESTS:\syntax\missing_code_block.py'
    nella posizione indicata.
    
       3: for i in range(10):
    -->4: 
                            ^

    Line `4` identified above was expected to begin a new indented block.
    

(162) IndentationError/SyntaxError depending on version - 2
-----------------------------------------------------------

.. code-block:: none


    Traceback (most recent call last):
      File "TESTS:\trb_syntax_common.py", line 49, in create_tracebacks
        __import__(name)
      File "TESTS:\syntax\missing_code_block_2.py", line 6
    IndentationError: expected an indented block
    
    An `IndentationError` occurs when a given line of code is
    not indented (aligned vertically with other lines) as expected.
    
    Python non riesce ad interpretare il codice contenuto nel file 'TESTS:\syntax\missing_code_block_2.py'
    .
    
       3: for i in "test":
       4: 

    Line `6` identified above was expected to begin a new indented block.
    

(163) Missing colon - if
------------------------

.. code-block:: none


    Traceback (most recent call last):
      File "TESTS:\trb_syntax_common.py", line 49, in create_tracebacks
        __import__(name)
      File "TESTS:\syntax\missing_colon_if.py", line 3
        if True
               ^
    SyntaxError: invalid syntax
    
        Did you forget a colon `:`?
        
    Un errore di tipo `SyntaxError` accade quando Python non riesce ad interpretare il tuo codice.
    
    Python non riesce ad interpretare il codice contenuto nel file 'TESTS:\syntax\missing_colon_if.py'
    nella posizione indicata.
    
       3: if True
                 ^

    You wrote a statement beginning with
    `if` but forgot to add a colon `:` at the end.
    
    

(164) Missing colon - while
---------------------------

.. code-block:: none


    Traceback (most recent call last):
      File "TESTS:\trb_syntax_common.py", line 49, in create_tracebacks
        __import__(name)
      File "TESTS:\syntax\missing_colon_while.py", line 3
        while True  # a comment
                    ^
    SyntaxError: invalid syntax
    
        Did you forget a colon `:`?
        
    Un errore di tipo `SyntaxError` accade quando Python non riesce ad interpretare il tuo codice.
    
    Python non riesce ad interpretare il codice contenuto nel file 'TESTS:\syntax\missing_colon_while.py'
    nella posizione indicata.
    
       3: while True  # a comment
                    ^

    You wrote a `while` loop but
    forgot to add a colon `:` at the end
    
    

(165) Missing comma in a dict
-----------------------------

.. code-block:: none


    Traceback (most recent call last):
      File "TESTS:\trb_syntax_common.py", line 49, in create_tracebacks
        __import__(name)
      File "TESTS:\syntax\missing_comma_in_dict.py", line 5
        'c': 3,
        ^
    SyntaxError: invalid syntax
    
        Did you forget a comma?
        
    Un errore di tipo `SyntaxError` accade quando Python non riesce ad interpretare il tuo codice.
    
    Python non riesce ad interpretare il codice contenuto nel file 'TESTS:\syntax\missing_comma_in_dict.py'
    nella posizione indicata.
    
       3: a = {'a': 1,
    -->4:      'b': 2
                    ^-->
    -->5:      'c': 3,
               ^^^
       6: }

    Python indicates that the error is caused by `'c'` written immediately after `2`.
    It is possible that you forgot a comma between items in a set or dict
    at the position indicated by ^.
    Perhaps you meant
    
        a = {'a': 1,
             'b': 2, 
                   ^
             'c': 3,
        }
    
    

(166) Missing comma between strings in a dict
---------------------------------------------

.. code-block:: none


    Traceback (most recent call last):
      File "TESTS:\trb_syntax_common.py", line 49, in create_tracebacks
        __import__(name)
      File "TESTS:\syntax\missing_comma_in_dict_2.py", line 4
        'c': '3',
           ^
    SyntaxError: invalid syntax
    
        Did you forget a comma?
        
    Un errore di tipo `SyntaxError` accade quando Python non riesce ad interpretare il tuo codice.
    
    Python non riesce ad interpretare il codice contenuto nel file 'TESTS:\syntax\missing_comma_in_dict_2.py'
    nella posizione indicata.
    
       2: a = {'a': '1',
       3:      'b': '2'
    -->4:      'c': '3',
                  ^
       5: }

    I am guessing that you forgot a comma between two strings
    when defining a dict.
    
    ```
    a = {'a': '1',
         'b': '2',
                 ^
         'c': '3',
    }
    ```

(167) Missing comma in a list
-----------------------------

.. code-block:: none


    Traceback (most recent call last):
      File "TESTS:\trb_syntax_common.py", line 49, in create_tracebacks
        __import__(name)
      File "TESTS:\syntax\missing_comma_in_list.py", line 3
        a = [1, 2  3]
                   ^
    SyntaxError: invalid syntax
    
        Did you forget something between `2` and `3`?
        
    Un errore di tipo `SyntaxError` accade quando Python non riesce ad interpretare il tuo codice.
    
    Python non riesce ad interpretare il codice contenuto nel file 'TESTS:\syntax\missing_comma_in_list.py'
    nella posizione indicata.
    
       3: a = [1, 2  3]
                  ^^^^

    Python indicates that the error is caused by `3` written immediately after `2`.
    It is possible that you forgot a comma between items in a list
    at the position indicated by ^.
    Perhaps you meant to insert an operator like `+, -, *`
    between `2` and `3`.
    The following lines of code would not cause any `SyntaxError`:
    
        a = [1, 2,   3]
        a = [1, 2 +   3]
        a = [1, 2 -   3]
        a = [1, 2 *   3]
    Note: these are just some of the possible choices and that
    some of them might raise other types of exceptions.
    

(168) Missing comma in a set
----------------------------

.. code-block:: none


    Traceback (most recent call last):
      File "TESTS:\trb_syntax_common.py", line 49, in create_tracebacks
        __import__(name)
      File "TESTS:\syntax\missing_comma_in_set.py", line 3
        a = {1, 2  3}
                   ^
    SyntaxError: invalid syntax
    
        Did you forget something between `2` and `3`?
        
    Un errore di tipo `SyntaxError` accade quando Python non riesce ad interpretare il tuo codice.
    
    Python non riesce ad interpretare il codice contenuto nel file 'TESTS:\syntax\missing_comma_in_set.py'
    nella posizione indicata.
    
       3: a = {1, 2  3}
                  ^^^^

    Python indicates that the error is caused by `3` written immediately after `2`.
    It is possible that you forgot a comma between items in a set or dict
    at the position indicated by ^.
    Perhaps you meant to insert an operator like `+, -, *`
    between `2` and `3`.
    The following lines of code would not cause any `SyntaxError`:
    
        a = {1, 2,   3}
        a = {1, 2 +   3}
        a = {1, 2 -   3}
        a = {1, 2 *   3}
    Note: these are just some of the possible choices and that
    some of them might raise other types of exceptions.
    

(169) Missing comma in a tuple
------------------------------

.. code-block:: none


    Traceback (most recent call last):
      File "TESTS:\trb_syntax_common.py", line 49, in create_tracebacks
        __import__(name)
      File "TESTS:\syntax\missing_comma_in_tuple.py", line 3
        a = (1, 2  3)
                   ^
    SyntaxError: invalid syntax
    
        Did you forget something between `2` and `3`?
        
    Un errore di tipo `SyntaxError` accade quando Python non riesce ad interpretare il tuo codice.
    
    Python non riesce ad interpretare il codice contenuto nel file 'TESTS:\syntax\missing_comma_in_tuple.py'
    nella posizione indicata.
    
       3: a = (1, 2  3)
                  ^^^^

    Python indicates that the error is caused by `3` written immediately after `2`.
    It is possible that you forgot a comma between items in a tuple, 
    or between function arguments, 
    at the position indicated by ^.
    Perhaps you meant to insert an operator like `+, -, *`
    between `2` and `3`.
    The following lines of code would not cause any `SyntaxError`:
    
        a = (1, 2,   3)
        a = (1, 2 +   3)
        a = (1, 2 -   3)
        a = (1, 2 *   3)
    Note: these are just some of the possible choices and that
    some of them might raise other types of exceptions.
    

(170) Missing parenthesis for range
-----------------------------------

.. code-block:: none


    Traceback (most recent call last):
      File "TESTS:\trb_syntax_common.py", line 49, in create_tracebacks
        __import__(name)
      File "TESTS:\syntax\missing_parens_for_range.py", line 1
        for i in range 3:
                       ^
    SyntaxError: invalid syntax
    
        Did you forget to write parenthesis?
        
    Un errore di tipo `SyntaxError` accade quando Python non riesce ad interpretare il tuo codice.
    
    Python non riesce ad interpretare il codice contenuto nel file 'TESTS:\syntax\missing_parens_for_range.py'
    nella posizione indicata.
    
       1: for i in range 3:
                         ^

    It looks as though you forgot to use to use parenthesis with `range`.
    Perhaps you meant:
    
        for i in range( 3):
    
    

(171) Misspelled Python keyword
-------------------------------

.. code-block:: none


    Traceback (most recent call last):
      File "TESTS:\trb_syntax_common.py", line 49, in create_tracebacks
        __import__(name)
      File "TESTS:\syntax\misspelled_keyword.py", line 2
        is i in range(3):
        ^
    SyntaxError: invalid syntax
    
        Did you mean `if i in range(3):`?
        
    Un errore di tipo `SyntaxError` accade quando Python non riesce ad interpretare il tuo codice.
    
    Python non riesce ad interpretare il codice contenuto nel file 'TESTS:\syntax\misspelled_keyword.py'
    nella posizione indicata.
    
       2: is i in range(3):
          ^^

    Perhaps you meant to write `if` and made a typo.
    The correct line might be `if i in range(3):`
    

(172) Name is global and nonlocal
---------------------------------

.. code-block:: none


    Traceback (most recent call last):
      File "TESTS:\trb_syntax_common.py", line 49, in create_tracebacks
        __import__(name)
      File "TESTS:\syntax\name_is_global_and_nonlocal.py", line 7
        global xy
        ^
    SyntaxError: name 'xy' is nonlocal and global
    
    Un errore di tipo `SyntaxError` accade quando Python non riesce ad interpretare il tuo codice.
    
    Python non riesce ad interpretare il codice contenuto nel file 'TESTS:\syntax\name_is_global_and_nonlocal.py'
    nella posizione indicata.
    
       7:     global xy
              ^^^^^^

    You declared `xy` as being both a global and nonlocal variable.
    A variable can be global, or nonlocal, but not both at the same time.
    

(173) Name is parameter and nonlocal
------------------------------------

.. code-block:: none


    Traceback (most recent call last):
      File "TESTS:\trb_syntax_common.py", line 49, in create_tracebacks
        __import__(name)
      File "TESTS:\syntax\name_is_param_and_nonlocal.py", line 5
        nonlocal x
        ^
    SyntaxError: name 'x' is parameter and nonlocal
    
    Un errore di tipo `SyntaxError` accade quando Python non riesce ad interpretare il tuo codice.
    
    Python non riesce ad interpretare il codice contenuto nel file 'TESTS:\syntax\name_is_param_and_nonlocal.py'
    nella posizione indicata.
    
       5:     nonlocal x
              ^^^^^^^^

    You used `x` as a parameter for a function
    before declaring it also as a nonlocal variable:
    `x` cannot be both at the same time.
    

(174) nonlocal variable not found
---------------------------------

.. code-block:: none


    Traceback (most recent call last):
      File "TESTS:\trb_syntax_common.py", line 49, in create_tracebacks
        __import__(name)
      File "TESTS:\syntax\no_binding_for_nonlocal.py", line 5
        nonlocal ab
        ^
    SyntaxError: no binding for nonlocal 'ab' found
    
    Un errore di tipo `SyntaxError` accade quando Python non riesce ad interpretare il tuo codice.
    
    Python non riesce ad interpretare il codice contenuto nel file 'TESTS:\syntax\no_binding_for_nonlocal.py'
    nella posizione indicata.
    
       5:     nonlocal ab
              ^^^^^^^^

    You declared the variable `ab` as being a
    nonlocal variable but it cannot be found.
    

(175) nonlocal variable not found at module level
-------------------------------------------------

.. code-block:: none


    Traceback (most recent call last):
      File "TESTS:\trb_syntax_common.py", line 49, in create_tracebacks
        __import__(name)
      File "TESTS:\syntax\nonlocal_at_module.py", line 4
        nonlocal cd
        ^
    SyntaxError: nonlocal declaration not allowed at module level
    
    Un errore di tipo `SyntaxError` accade quando Python non riesce ad interpretare il tuo codice.
    
    Python non riesce ad interpretare il codice contenuto nel file 'TESTS:\syntax\nonlocal_at_module.py'
    nella posizione indicata.
    
       4: nonlocal cd
          ^^^^^^^^

    You used the nonlocal keyword at a module level.
    The nonlocal keyword refers to a variable inside a function
    given a value outside that function.

(176) Same operator twice in a row
----------------------------------

.. code-block:: none


    Traceback (most recent call last):
      File "TESTS:\trb_syntax_common.py", line 49, in create_tracebacks
        __import__(name)
      File "TESTS:\syntax\operator_twice_in_a_row.py", line 1
        4****5
           ^
    SyntaxError: invalid syntax
    
    Un errore di tipo `SyntaxError` accade quando Python non riesce ad interpretare il tuo codice.
    
    Python non riesce ad interpretare il codice contenuto nel file 'TESTS:\syntax\operator_twice_in_a_row.py'
    nella posizione indicata.
    
       1: 4****5
           ^^^^

    You cannot have write the same operator, `**`, twice in a row.
    Perhaps you wrote one of them by mistake
    or forgot to write something between them.
    

(177) Using pip from interpreter
--------------------------------

.. code-block:: none


    Traceback (most recent call last):
      File "TESTS:\trb_syntax_common.py", line 49, in create_tracebacks
        __import__(name)
      File "TESTS:\syntax\pip_install_1.py", line 2
        pip install friendly
            ^
    SyntaxError: invalid syntax
    
        Pip cannot be used in a Python interpreter.
        
    Un errore di tipo `SyntaxError` accade quando Python non riesce ad interpretare il tuo codice.
    
    Python non riesce ad interpretare il codice contenuto nel file 'TESTS:\syntax\pip_install_1.py'
    nella posizione indicata.
    
       2: pip install friendly
              ^^^^^^^

    It looks as if you are attempting to use pip to install a module.
    `pip` is a command that needs to run in a terminal,
    not from a Python interpreter.
    

(178) Using pip from interpreter 2
----------------------------------

.. code-block:: none


    Traceback (most recent call last):
      File "TESTS:\trb_syntax_common.py", line 49, in create_tracebacks
        __import__(name)
      File "TESTS:\syntax\pip_install_2.py", line 2
        python -m pip install friendly
                  ^
    SyntaxError: invalid syntax
    
        Pip cannot be used in a Python interpreter.
        
    Un errore di tipo `SyntaxError` accade quando Python non riesce ad interpretare il tuo codice.
    
    Python non riesce ad interpretare il codice contenuto nel file 'TESTS:\syntax\pip_install_2.py'
    nella posizione indicata.
    
       2: python -m pip install friendly
                    ^^^

    It looks as if you are attempting to use pip to install a module.
    `pip` is a command that needs to run in a terminal,
    not from a Python interpreter.
    

(179) print is a function
-------------------------

.. code-block:: none


    Traceback (most recent call last):
      File "TESTS:\trb_syntax_common.py", line 49, in create_tracebacks
        __import__(name)
      File "TESTS:\syntax\print_is_a_function.py", line 2
        print 'hello'
              ^
    SyntaxError: Missing parentheses in call to 'print'. Did you mean print('hello')?
    
        Did you mean `print('hello')`?
        
    Un errore di tipo `SyntaxError` accade quando Python non riesce ad interpretare il tuo codice.
    
    Python non riesce ad interpretare il codice contenuto nel file 'TESTS:\syntax\print_is_a_function.py'
    nella posizione indicata.
    
       2: print 'hello'
                ^^^^^^^

    Perhaps you need to type
    
         print('hello')
    
    In older version of Python, `print` was a keyword.
    Now, `print` is a function; you need to use parentheses to call it.
    

(180) print is a function 2
---------------------------

.. code-block:: none


    Traceback (most recent call last):
      File "TESTS:\trb_syntax_common.py", line 49, in create_tracebacks
        __import__(name)
      File "TESTS:\syntax\print_is_a_function_2.py", line 2
        print len('hello')
              ^
    SyntaxError: invalid syntax
    
        Did you mean `print(len('hello'))`?
        
    Un errore di tipo `SyntaxError` accade quando Python non riesce ad interpretare il tuo codice.
    
    Python non riesce ad interpretare il codice contenuto nel file 'TESTS:\syntax\print_is_a_function_2.py'
    nella posizione indicata.
    
       2: print len('hello')
                ^^^

    Perhaps you need to type
    
         print(len('hello'))
    
    In older version of Python, `print` was a keyword.
    Now, `print` is a function; you need to use parentheses to call it.
    

(181) print is a function 3
---------------------------

.. code-block:: none


    Traceback (most recent call last):
      File "TESTS:\trb_syntax_common.py", line 49, in create_tracebacks
        __import__(name)
      File "TESTS:\syntax\print_is_a_function_3.py", line 1
        print """This is a very long string which results in a very long error message."""
              ^
    SyntaxError: Missing parentheses in call to 'print'. Did you mean print("""This is a very long string which results in a very long error message.""")?
    
        Did you mean `print(...)`?
        
    Un errore di tipo `SyntaxError` accade quando Python non riesce ad interpretare il tuo codice.
    
    Python non riesce ad interpretare il codice contenuto nel file 'TESTS:\syntax\print_is_a_function_3.py'
    nella posizione indicata.
    
       1: print """This is a very long string which results in a very long error message."""
                ^^^^^^^^^^^^^^^^^^^^^^^^^^^^^^^^^^^^^^^^^^^^^^^^^^^^^^^^^^^^^^^^^^^^^^^^^^^^

    Perhaps you need to type
    
         print(...)
    
    In older version of Python, `print` was a keyword.
    Now, `print` is a function; you need to use parentheses to call it.
    

(182) print is a function 4
---------------------------

.. code-block:: none


    Traceback (most recent call last):
      File "TESTS:\trb_syntax_common.py", line 49, in create_tracebacks
        __import__(name)
      File "TESTS:\syntax\print_is_a_function_4.py", line 2
        print len("""This is a long string
              ^
    SyntaxError: invalid syntax
    
        Did you mean `print(...)`?
        
    Un errore di tipo `SyntaxError` accade quando Python non riesce ad interpretare il tuo codice.
    
    Python non riesce ad interpretare il codice contenuto nel file 'TESTS:\syntax\print_is_a_function_4.py'
    nella posizione indicata.
    
    -->2: print len("""This is a long string
                ^^^
       3:           that spans multiple lines.""")

    Perhaps you need to type
    
         print(...)
    
    In older version of Python, `print` was a keyword.
    Now, `print` is a function; you need to use parentheses to call it.
    

(183) print is a function 5
---------------------------

.. code-block:: none


    Traceback (most recent call last):
      File "TESTS:\trb_syntax_common.py", line 49, in create_tracebacks
        __import__(name)
      File "TESTS:\syntax\print_is_a_function_5.py", line 2
        print len('This is a long string that fits on a single line.')
              ^
    SyntaxError: invalid syntax
    
        Did you mean `print(...)`?
        
    Un errore di tipo `SyntaxError` accade quando Python non riesce ad interpretare il tuo codice.
    
    Python non riesce ad interpretare il codice contenuto nel file 'TESTS:\syntax\print_is_a_function_5.py'
    nella posizione indicata.
    
       2: print len('This is a long string that fits on a single line.')
                ^^^

    Perhaps you need to type
    
         print(...)
    
    In older version of Python, `print` was a keyword.
    Now, `print` is a function; you need to use parentheses to call it.
    

(184) print is a function 6
---------------------------

.. code-block:: none


    Traceback (most recent call last):
      File "TESTS:\trb_syntax_common.py", line 49, in create_tracebacks
        __import__(name)
      File "TESTS:\syntax\print_non_paren_non_string1.py", line 1
        print hello world!
              ^
    SyntaxError: Missing parentheses in call to 'print'. Did you mean print(hello world!)?
    
        Did you mean `print(...)`?
        
    Un errore di tipo `SyntaxError` accade quando Python non riesce ad interpretare il tuo codice.
    
    Python non riesce ad interpretare il codice contenuto nel file 'TESTS:\syntax\print_non_paren_non_string1.py'
    nella posizione indicata.
    
       1: print hello world!
                ^^^^^

    Perhaps you need to type
    
         print(...)
    
    In older version of Python, `print` was a keyword.
    Now, `print` is a function; you need to use parentheses to call it.
    Note that arguments of `print` must be separated by commas.
    

(185) print is a function 7
---------------------------

.. code-block:: none


    Traceback (most recent call last):
      File "TESTS:\trb_syntax_common.py", line 49, in create_tracebacks
        __import__(name)
      File "TESTS:\syntax\print_non_paren_non_string2.py", line 1
        print len("hello") hello
              ^
    SyntaxError: invalid syntax
    
        Did you mean `print(...)`?
        
    Un errore di tipo `SyntaxError` accade quando Python non riesce ad interpretare il tuo codice.
    
    Python non riesce ad interpretare il codice contenuto nel file 'TESTS:\syntax\print_non_paren_non_string2.py'
    nella posizione indicata.
    
       1: print len("hello") hello
                ^^^

    Perhaps you need to type
    
         print(...)
    
    In older version of Python, `print` was a keyword.
    Now, `print` is a function; you need to use parentheses to call it.
    Note that arguments of `print` must be separated by commas.
    

(186) Calling python from interpreter
-------------------------------------

.. code-block:: none


    Traceback (most recent call last):
      File "TESTS:\trb_syntax_common.py", line 49, in create_tracebacks
        __import__(name)
      File "TESTS:\syntax\python_interpreter.py", line 1
        python -i friendly
                  ^
    SyntaxError: invalid syntax
    
    Un errore di tipo `SyntaxError` accade quando Python non riesce ad interpretare il tuo codice.
    
    Python non riesce ad interpretare il codice contenuto nel file 'TESTS:\syntax\python_interpreter.py'
    nella posizione indicata.
    
       1: python -i friendly
                    ^^^^^^^^

    I am guessing that you are attempting to use Python to run a program.
    You must do so from a terminal and not from a Python interpreter.
    

(187) problem with assigning a variable to Python
-------------------------------------------------

.. code-block:: none


    Traceback (most recent call last):
      File "TESTS:\trb_syntax_common.py", line 49, in create_tracebacks
        __import__(name)
      File "TESTS:\syntax\python_not_interpreter.py", line 1
        python = a b
                   ^
    SyntaxError: invalid syntax
    
        Did you forget something between `a` and `b`?
        
    Un errore di tipo `SyntaxError` accade quando Python non riesce ad interpretare il tuo codice.
    
    Python non riesce ad interpretare il codice contenuto nel file 'TESTS:\syntax\python_not_interpreter.py'
    nella posizione indicata.
    
       1: python = a b
                   ^^^

    Python indicates that the error is caused by `b` written immediately after `a`.
    Perhaps you meant to insert an operator like `+; -; *; ,`
    between `a` and `b`.
    The following lines of code would not cause any `SyntaxError`:
    
        python = a +  b
        python = a -  b
        python = a *  b
        python = a,  b
    Note: these are just some of the possible choices and that
    some of them might raise other types of exceptions.
    

(188) Quote inside a string
---------------------------

.. code-block:: none


    Traceback (most recent call last):
      File "TESTS:\trb_syntax_common.py", line 49, in create_tracebacks
        __import__(name)
      File "TESTS:\syntax\quote_inside_string.py", line 3
        message = 'I don't mind.'
                         ^
    SyntaxError: invalid syntax
    
        Perhaps you forgot to escape a quote character.
        
    Un errore di tipo `SyntaxError` accade quando Python non riesce ad interpretare il tuo codice.
    
    Python non riesce ad interpretare il codice contenuto nel file 'TESTS:\syntax\quote_inside_string.py'
    nella posizione indicata.
    
       3: message = 'I don't mind.'
                           ^

    I suspect that you were trying to use a quote character inside a string
    that was enclosed in quotes of the same kind.
    Perhaps you should have escaped the inner quote character:
    
        message = 'I don\'t mind.'
                        ^^
    

(189) Raising multiple exceptions
---------------------------------

.. code-block:: none


    Traceback (most recent call last):
      File "TESTS:\trb_syntax_common.py", line 49, in create_tracebacks
        __import__(name)
      File "TESTS:\syntax\raise_multiple_exceptions.py", line 2
        raise X, Y
               ^
    SyntaxError: invalid syntax
    
    Un errore di tipo `SyntaxError` accade quando Python non riesce ad interpretare il tuo codice.
    
    Python non riesce ad interpretare il codice contenuto nel file 'TESTS:\syntax\raise_multiple_exceptions.py'
    nella posizione indicata.
    
       2: raise X, Y
                 ^

    It looks like you are trying to raise an exception using Python 2 syntax.
    

(190) Cannot use return outside function
----------------------------------------

.. code-block:: none


    Traceback (most recent call last):
      File "TESTS:\trb_syntax_common.py", line 49, in create_tracebacks
        __import__(name)
      File "TESTS:\syntax\return_outside_function.py", line 3
        return
        ^
    SyntaxError: 'return' outside function
    
    Un errore di tipo `SyntaxError` accade quando Python non riesce ad interpretare il tuo codice.
    
    Python non riesce ad interpretare il codice contenuto nel file 'TESTS:\syntax\return_outside_function.py'
    nella posizione indicata.
    
       3: return
          ^^^^^^

    You can only use a `return` statement inside a function or method.
    

(191) Semicolon instead of colon
--------------------------------

.. code-block:: none


    Traceback (most recent call last):
      File "TESTS:\trb_syntax_common.py", line 49, in create_tracebacks
        __import__(name)
      File "TESTS:\syntax\semi_colon_instead_of_colon.py", line 1
        if True;  # A comment
               ^
    SyntaxError: invalid syntax
    
        Did you mean to write a colon?
        
    Un errore di tipo `SyntaxError` accade quando Python non riesce ad interpretare il tuo codice.
    
    Python non riesce ad interpretare il codice contenuto nel file 'TESTS:\syntax\semi_colon_instead_of_colon.py'
    nella posizione indicata.
    
       1: if True;  # A comment
                 ^

    You wrote a semicolon, `;`, where a colon was expected.
    

(192) Semicolon instead of comma - 1
------------------------------------

.. code-block:: none


    Traceback (most recent call last):
      File "TESTS:\trb_syntax_common.py", line 49, in create_tracebacks
        __import__(name)
      File "TESTS:\syntax\semi_colon_instead_of_comma_1.py", line 1
        a = [1, 2; 3]
                 ^
    SyntaxError: invalid syntax
    
        Did you mean to write a comma?
        
    Un errore di tipo `SyntaxError` accade quando Python non riesce ad interpretare il tuo codice.
    
    Python non riesce ad interpretare il codice contenuto nel file 'TESTS:\syntax\semi_colon_instead_of_comma_1.py'
    nella posizione indicata.
    
       1: a = [1, 2; 3]
                   ^

    You wrote a semicolon, `;`, where a comma was expected.
    

(193) Semicolon instead of commas - 2
-------------------------------------

.. code-block:: none


    Traceback (most recent call last):
      File "TESTS:\trb_syntax_common.py", line 49, in create_tracebacks
        __import__(name)
      File "TESTS:\syntax\semi_colon_instead_of_comma_2.py", line 1
        a = [1; 2; 3]
              ^
    SyntaxError: invalid syntax
    
        Did you mean to write commas?
        
    Un errore di tipo `SyntaxError` accade quando Python non riesce ad interpretare il tuo codice.
    
    Python non riesce ad interpretare il codice contenuto nel file 'TESTS:\syntax\semi_colon_instead_of_comma_2.py'
    nella posizione indicata.
    
       1: a = [1; 2; 3]
                ^

    You wrote semicolons, `;`, where commas were expected.
    

(194) Semicolon instead of commas - 3
-------------------------------------

.. code-block:: none


    Traceback (most recent call last):
      File "TESTS:\trb_syntax_common.py", line 49, in create_tracebacks
        __import__(name)
      File "TESTS:\syntax\semi_colon_instead_of_comma_3.py", line 1
        a = [1; 2; 3];
              ^
    SyntaxError: invalid syntax
    
        Did you mean to write commas?
        
    Un errore di tipo `SyntaxError` accade quando Python non riesce ad interpretare il tuo codice.
    
    Python non riesce ad interpretare il codice contenuto nel file 'TESTS:\syntax\semi_colon_instead_of_comma_3.py'
    nella posizione indicata.
    
       1: a = [1; 2; 3];
                ^

    You wrote semicolons, `;`, where commas were expected.
    

(195) Code block inside comprehension
-------------------------------------

.. code-block:: none


    Traceback (most recent call last):
      File "TESTS:\trb_syntax_common.py", line 49, in create_tracebacks
        __import__(name)
      File "TESTS:\syntax\should_be_comprehension.py", line 2
        for i in 1, 2, 3:
        ^
    SyntaxError: invalid syntax
    
    Un errore di tipo `SyntaxError` accade quando Python non riesce ad interpretare il tuo codice.
    
    Python non riesce ad interpretare il codice contenuto nel file 'TESTS:\syntax\should_be_comprehension.py'
    nella posizione indicata.
    
       1: a = [
    -->2:     for i in 1, 2, 3:
              ^^^
       3:         i**2
       4: ]

    Perhaps you wrote a statement beginning a code block
    intended to be part of a list comprehension.
    You cannot have separate code blocks inside list comprehensions.
    
    If this explanation is incorrect, please report this case.
    

(196) Single = instead of double == with if
-------------------------------------------

.. code-block:: none


    Traceback (most recent call last):
      File "TESTS:\trb_syntax_common.py", line 49, in create_tracebacks
        __import__(name)
      File "TESTS:\syntax\single_equal_with_if.py", line 3
        if i % 2 = 0:
                 ^
    SyntaxError: invalid syntax
    
        Perhaps you needed `==` instead of `=`.
        
    Un errore di tipo `SyntaxError` accade quando Python non riesce ad interpretare il tuo codice.
    
    Python non riesce ad interpretare il codice contenuto nel file 'TESTS:\syntax\single_equal_with_if.py'
    nella posizione indicata.
    
       3:     if i % 2 = 0:
                       ^

    You likely used an assignment operator `=` instead of an equality operator `==`.
    The following statement would not contain a syntax error:
    
        if i % 2 == 0:

(197) Single = instead of double == with elif
---------------------------------------------

.. code-block:: none


    Traceback (most recent call last):
      File "TESTS:\trb_syntax_common.py", line 49, in create_tracebacks
        __import__(name)
      File "TESTS:\syntax\single_equal_with_elif.py", line 5
        elif i % 2 = 0:
                   ^
    SyntaxError: invalid syntax
    
        Perhaps you needed `==` instead of `=`.
        
    Un errore di tipo `SyntaxError` accade quando Python non riesce ad interpretare il tuo codice.
    
    Python non riesce ad interpretare il codice contenuto nel file 'TESTS:\syntax\single_equal_with_elif.py'
    nella posizione indicata.
    
       5:     elif i % 2 = 0:
                         ^

    You likely used an assignment operator `=` instead of an equality operator `==`.
    The following statement would not contain a syntax error:
    
        elif i % 2 == 0:

(198) Single = instead of double == with while
----------------------------------------------

.. code-block:: none


    Traceback (most recent call last):
      File "TESTS:\trb_syntax_common.py", line 49, in create_tracebacks
        __import__(name)
      File "TESTS:\syntax\single_equal_with_while.py", line 4
        while a = 1:
                ^
    SyntaxError: invalid syntax
    
        Perhaps you needed `==` or `:=` instead of `=`.
        
    Un errore di tipo `SyntaxError` accade quando Python non riesce ad interpretare il tuo codice.
    
    Python non riesce ad interpretare il codice contenuto nel file 'TESTS:\syntax\single_equal_with_while.py'
    nella posizione indicata.
    
       4: while a = 1:
                  ^

    You used an assignment operator `=`; perhaps you meant to use 
    an equality operator, `==`, or the walrus operator `:=`.
    

(199) Space between operators 1
-------------------------------

.. code-block:: none


    Traceback (most recent call last):
      File "TESTS:\trb_syntax_common.py", line 49, in create_tracebacks
        __import__(name)
      File "TESTS:\syntax\space_between_operators_1.py", line 1
        a = 2 * * 5
                ^
    SyntaxError: invalid syntax
    
    Un errore di tipo `SyntaxError` accade quando Python non riesce ad interpretare il tuo codice.
    
    Python non riesce ad interpretare il codice contenuto nel file 'TESTS:\syntax\space_between_operators_1.py'
    nella posizione indicata.
    
       1: a = 2 * * 5
                ^ ^

    You cannot have write the same operator, `*`, twice in a row.
    Perhaps you wrote one of them by mistake
    or forgot to write something between them.
    Or perhaps you included a space by mistake between the two operators
    and meant to write `**` as a single operator.
    

(200) Space between operators 2
-------------------------------

.. code-block:: none


    Traceback (most recent call last):
      File "TESTS:\trb_syntax_common.py", line 49, in create_tracebacks
        __import__(name)
      File "TESTS:\syntax\space_between_operators_2.py", line 1
        a / = b
            ^
    SyntaxError: invalid syntax
    
    Un errore di tipo `SyntaxError` accade quando Python non riesce ad interpretare il tuo codice.
    
    Python non riesce ad interpretare il codice contenuto nel file 'TESTS:\syntax\space_between_operators_2.py'
    nella posizione indicata.
    
       1: a / = b
            ^ ^

    You cannot have these two operators, `/` and `=`,
    following each other. Perhaps you wrote one of them by mistake
    or forgot to write something between them.
    Or perhaps you included a space by mistake between the two operators
    and meant to write `/=` as a single operator.
    

(201) Space in variable name
----------------------------

.. code-block:: none


    Traceback (most recent call last):
      File "TESTS:\trb_syntax_common.py", line 49, in create_tracebacks
        __import__(name)
      File "TESTS:\syntax\space_in_variable_name.py", line 1
        my name = Andr
           ^
    SyntaxError: invalid syntax
    
        Intendevi `my_name`?
        
    Un errore di tipo `SyntaxError` accade quando Python non riesce ad interpretare il tuo codice.
    
    Python non riesce ad interpretare il codice contenuto nel file 'TESTS:\syntax\space_in_variable_name.py'
    nella posizione indicata.
    
       1: my name = Andr
             ^^^^

    You cannot have spaces in identifiers (variable names).
    Perhaps you meant `my_name`?
    

(202) Wrong target for star assignment
--------------------------------------

.. code-block:: none


    Traceback (most recent call last):
      File "TESTS:\trb_syntax_common.py", line 49, in create_tracebacks
        __import__(name)
      File "TESTS:\syntax\star_assignment_target.py", line 1
        *a = 1
        ^
    SyntaxError: starred assignment target must be in a list or tuple
    
    Un errore di tipo `SyntaxError` accade quando Python non riesce ad interpretare il tuo codice.
    
    Python non riesce ad interpretare il codice contenuto nel file 'TESTS:\syntax\star_assignment_target.py'
    nella posizione indicata.
    
       1: *a = 1
          ^

    A star assignment must be of the form:
    
        ... *name = list_or_tuple
    
    

(203) Too many nested blocks
----------------------------

.. code-block:: none


    Traceback (most recent call last):
      File "TESTS:\trb_syntax_common.py", line 49, in create_tracebacks
        __import__(name)
      File "TESTS:\syntax\too_many_nested_blocks.py", line 22
        while 22:
        ^
    SyntaxError: too many statically nested blocks
    
    Un errore di tipo `SyntaxError` accade quando Python non riesce ad interpretare il tuo codice.
    
    Python non riesce ad interpretare il codice contenuto nel file 'TESTS:\syntax\too_many_nested_blocks.py'
    nella posizione indicata.
    
       22:                      while 22:
                                ^^^^^

    Your code is too complex for Python:
    you need to reduce the number of indented code blocks
    contained inside other code blocks.
    

(204) Too many nested parentheses.
----------------------------------

.. code-block:: none


    Traceback (most recent call last):
      File "TESTS:\trb_syntax_common.py", line 49, in create_tracebacks
        __import__(name)
      File "TESTS:\syntax\too_many_parentheses.py", line 4
        ((((((((((((((((((((((((((((((((((
                                         ^
    SyntaxError: too many nested parentheses
    
    Un errore di tipo `SyntaxError` accade quando Python non riesce ad interpretare il tuo codice.
    
    Python non riesce ad interpretare il codice contenuto nel file 'TESTS:\syntax\too_many_parentheses.py'
    nella posizione indicata.
    
       1: ((((((((((((((((((((((((((((((((((((((((((((((((((((((((((((
       2:     ((((((((((((((((((((((((((((((((((((((((((((((((((((((((
       3:         (((((((((((((((((((((((((((((((((((((((((((((((((((
    -->4:             ((((((((((((((((((((((((((((((((((
                                                       ^
       5:                                              ))))))))))))))))))))))))))))))))))))))))))))))))))
       6:         )))))))))))))))))))))))))))))))))))))))))))))))))))))))))))))))))))))))))))))))))))))))
       7:     ))))))))))))))))))))))))))))))))))))))))))))))))))))))))))))))))

    Your code is too complex for Python:
    you need to reduce the number of parentheses
    contained inside other parentheses.
    

(205) Trailing comma in import statement
----------------------------------------

.. code-block:: none


    Traceback (most recent call last):
      File "TESTS:\trb_syntax_common.py", line 49, in create_tracebacks
        __import__(name)
      File "TESTS:\syntax\trailing_comma_in_import.py", line 2
        from math import sin, cos,
                                  ^
    SyntaxError: trailing comma not allowed without surrounding parentheses
    
        Did you write a comma by mistake?
        
    Un errore di tipo `SyntaxError` accade quando Python non riesce ad interpretare il tuo codice.
    
    Python non riesce ad interpretare il codice contenuto nel file 'TESTS:\syntax\trailing_comma_in_import.py'
    nella posizione indicata.
    
       2: from math import sin, cos,
                                   ^

    Python indicates that you need to surround an expression
    ending with a comma by parentheses.
    However, if you remove the last comma, there will be no syntax error.
    Perhaps you meant to write
    
    `from math import sin, cos`
    

(206) Triple-equal sign
-----------------------

.. code-block:: none


    Traceback (most recent call last):
      File "TESTS:\trb_syntax_common.py", line 49, in create_tracebacks
        __import__(name)
      File "TESTS:\syntax\triple_equal.py", line 3
        x = y === z
                ^
    SyntaxError: invalid syntax
    
        Did you mean to use `is` instead of `===`?
        
    Un errore di tipo `SyntaxError` accade quando Python non riesce ad interpretare il tuo codice.
    
    Python non riesce ad interpretare il codice contenuto nel file 'TESTS:\syntax\triple_equal.py'
    nella posizione indicata.
    
       3: x = y === z
                ^^^

    You wrote three equal signs in a row which is allowed in some
    programming languages, but not in Python. To check if two objects
    are equal, use two equal signs, `==`; to see if two names represent
    the exact same object, use the operator `is`.
    

(207) Unclosed bracket
----------------------

.. code-block:: none


    Traceback (most recent call last):
      File "TESTS:\trb_syntax_common.py", line 49, in create_tracebacks
        __import__(name)
      File "TESTS:\syntax\unclosed_bracket.py", line 7
        print(foo())
        ^
    SyntaxError: invalid syntax
    
    Un errore di tipo `SyntaxError` accade quando Python non riesce ad interpretare il tuo codice.
    
    Python non riesce ad interpretare il codice contenuto nel file 'TESTS:\syntax\unclosed_bracket.py'
    nella posizione indicata.
    
       5:     return [1, 2, 3
       6: 
    -->7: print(foo())
          ^^^^^
       8: 

    The opening square bracket `[` on line 5 is not closed.
    
        5:     return [1, 2, 3
                      ^
    

(208) Unclosed parenthesis - 1
------------------------------

.. code-block:: none


    Traceback (most recent call last):
      File "TESTS:\trb_syntax_common.py", line 49, in create_tracebacks
        __import__(name)
      File "TESTS:\syntax\unclosed_paren_1.py", line 3
        if x == 1:
                 ^
    SyntaxError: invalid syntax
    
    Un errore di tipo `SyntaxError` accade quando Python non riesce ad interpretare il tuo codice.
    
    Python non riesce ad interpretare il codice contenuto nel file 'TESTS:\syntax\unclosed_paren_1.py'
    nella posizione indicata.
    
       2: x = int('1'
    -->3: if x == 1:
                   ^
       4:     print('yes')
       5: 

    The opening parenthesis `(` on line 2 is not closed.
    
        2: x = int('1'
                  ^
    

(209) Unclosed parenthesis - 2
------------------------------

.. code-block:: none


    Traceback (most recent call last):
      File "TESTS:\trb_syntax_common.py", line 49, in create_tracebacks
        __import__(name)
      File "TESTS:\syntax\unclosed_paren_2.py", line 3
        d = a*a
        ^
    SyntaxError: invalid syntax
    
    Un errore di tipo `SyntaxError` accade quando Python non riesce ad interpretare il tuo codice.
    
    Python non riesce ad interpretare il codice contenuto nel file 'TESTS:\syntax\unclosed_paren_2.py'
    nella posizione indicata.
    
       2: a = (b+c
    -->3: d = a*a
          ^
       4: 

    The opening parenthesis `(` on line 2 is not closed.
    
        2: a = (b+c
               ^
    

(210) Unclosed parenthesis - 3
------------------------------

.. code-block:: none


    Traceback (most recent call last):
      File "TESTS:\trb_syntax_common.py", line 49, in create_tracebacks
        __import__(name)
      File "TESTS:\syntax\unclosed_paren_3.py", line 7
        if 2:
            ^
    SyntaxError: invalid syntax
    
    Un errore di tipo `SyntaxError` accade quando Python non riesce ad interpretare il tuo codice.
    
    Python non riesce ad interpretare il codice contenuto nel file 'TESTS:\syntax\unclosed_paren_3.py'
    nella posizione indicata.
    
       5:         print(((123))
       6: 
    -->7: if 2:
              ^
       8:     print(123))

    The opening parenthesis `(` on line 5 is not closed.
    
        5:         print(((123))
                        ^
    
    If this is incorrect, please report this case.
    

(211) Unclosed parenthesis - 4
------------------------------

.. code-block:: none


    Traceback (most recent call last):
      File "TESTS:\trb_syntax_common.py", line 49, in create_tracebacks
        __import__(name)
      File "TESTS:\syntax\unclosed_paren_4.py", line 4
        def test():
        ^
    SyntaxError: invalid syntax
    
    Un errore di tipo `SyntaxError` accade quando Python non riesce ad interpretare il tuo codice.
    
    Python non riesce ad interpretare il codice contenuto nel file 'TESTS:\syntax\unclosed_paren_4.py'
    nella posizione indicata.
    
       2: print('hello'
       3: 
    -->4: def test():
          ^^^

    The opening parenthesis `(` on line 2 is not closed.
    
        2: print('hello'
                ^
    

(212) Content passed continuation line character
------------------------------------------------

.. code-block:: none


    Traceback (most recent call last):
      File "TESTS:\trb_syntax_common.py", line 49, in create_tracebacks
        __import__(name)
      File "TESTS:\syntax\unexpected_after_continuation_character.py", line 5
        print(\t)
               ^
    SyntaxError: unexpected character after line continuation character
    
    Un errore di tipo `SyntaxError` accade quando Python non riesce ad interpretare il tuo codice.
    
    Python non riesce ad interpretare il codice contenuto nel file 'TESTS:\syntax\unexpected_after_continuation_character.py'
    nella posizione indicata.
    
       5: print(\t)
                 ^

    You are using the continuation character `\` outside of a string,
    and it is followed by some other character(s).
    I am guessing that you forgot to enclose some content in a string.
    

(213) Unexpected EOF while parsing
----------------------------------

.. code-block:: none


    Traceback (most recent call last):
      File "TESTS:\trb_syntax_common.py", line 49, in create_tracebacks
        __import__(name)
      File "TESTS:\syntax\unexpected_eof.py", line 8
    SyntaxError: unexpected EOF while parsing
    
    Un errore di tipo `SyntaxError` accade quando Python non riesce ad interpretare il tuo codice.
    
    Python non riesce ad interpretare il codice contenuto nel file 'TESTS:\syntax\unexpected_eof.py'
    nella posizione indicata.
    
       5:     return [1, 2, 3,
       6: 
       7: print(foo())
    -->8: 
                     ^

    Python tells us that it reached the end of the file
    and expected more content.
    
    I will attempt to be give a bit more information.
    
    The opening square bracket `[` on line 5 is not closed.
    
        5:     return [1, 2, 3,
                      ^
    

(214) Invalid character (unicode fraction 3/4)
----------------------------------------------

.. code-block:: none


    Traceback (most recent call last):
      File "TESTS:\trb_syntax_common.py", line 49, in create_tracebacks
        __import__(name)
      File "TESTS:\syntax\unicode_fraction.py", line 1
        a =   # 3/4
            ^
    SyntaxError: invalid character '' (U+00BE)
    
        Did you mean `3/4`?
        
    Un errore di tipo `SyntaxError` accade quando Python non riesce ad interpretare il tuo codice.
    
    Python non riesce ad interpretare il codice contenuto nel file 'TESTS:\syntax\unicode_fraction.py'
    nella posizione indicata.
    
       1: a =   # 3/4
              ^

    Did you use copy-paste?
    Python indicates that you used the unicode character ``
    which is not allowed.
    You used the unicode character  which is known as
    VULGAR FRACTION THREE QUARTERS
    I suspect that you meant to write the fraction `3/4` instead.
    

(215) Invalid character (unicode fraction 1/2)
----------------------------------------------

.. code-block:: none


    Traceback (most recent call last):
      File "TESTS:\trb_syntax_common.py", line 49, in create_tracebacks
        __import__(name)
      File "TESTS:\syntax\unicode_fraction2.py", line 1
        a = 1  # 1 1/2
             ^
    SyntaxError: invalid character '' (U+00BD)
    
        Did you mean `1/2`?
        
    Un errore di tipo `SyntaxError` accade quando Python non riesce ad interpretare il tuo codice.
    
    Python non riesce ad interpretare il codice contenuto nel file 'TESTS:\syntax\unicode_fraction2.py'
    nella posizione indicata.
    
       1: a = 1  # 1 1/2
               ^

    Did you use copy-paste?
    Python indicates that you used the unicode character ``
    which is not allowed.
    You used the unicode character  which is known as
    VULGAR FRACTION ONE HALF
    I suspect that you meant to write the fraction `1/2` instead.
    

(216) Invalid character (unicode fraction slash)
------------------------------------------------

.. code-block:: none


    Traceback (most recent call last):
      File "TESTS:\trb_syntax_common.py", line 49, in create_tracebacks
        __import__(name)
      File "TESTS:\syntax\unicode_fraction3.py", line 1
        a = 22  7
               ^
    SyntaxError: invalid character '' (U+2044)
    
        Did you mean to use the division operator, `/`?
        
    Un errore di tipo `SyntaxError` accade quando Python non riesce ad interpretare il tuo codice.
    
    Python non riesce ad interpretare il codice contenuto nel file 'TESTS:\syntax\unicode_fraction3.py'
    nella posizione indicata.
    
       1: a = 22  7
                 ^

    Did you use copy-paste?
    Python indicates that you used the unicode character ``
    which is not allowed.
    I suspect that you used the unicode character known as
    'FRACTION SLASH', which looks similar to
    but is different from the division operator `/`.
    

(217) Invalid character (unicode quote)
---------------------------------------

.. code-block:: none


    Traceback (most recent call last):
      File "TESTS:\trb_syntax_common.py", line 49, in create_tracebacks
        __import__(name)
      File "TESTS:\syntax\unicode_quote.py", line 3
        a =  hello 
            ^
    SyntaxError: invalid character '' (U+00AB)
    
        Did you mean to use a normal quote character, `'` or `"`?
        
    Un errore di tipo `SyntaxError` accade quando Python non riesce ad interpretare il tuo codice.
    
    Python non riesce ad interpretare il codice contenuto nel file 'TESTS:\syntax\unicode_quote.py'
    nella posizione indicata.
    
       3: a =  hello 
              ^

    Did you use copy-paste?
    Python indicates that you used the unicode character ``
    which is not allowed.
    I suspect that you used a fancy unicode quotation mark
    whose name is LEFT-POINTING DOUBLE ANGLE QUOTATION MARK
    instead of a normal single or double quote for a string.
    

(218) Invalid character (unicode quote2)
----------------------------------------

.. code-block:: none


    Traceback (most recent call last):
      File "TESTS:\trb_syntax_common.py", line 49, in create_tracebacks
        __import__(name)
      File "TESTS:\syntax\unicode_quote2.py", line 2
        a =  hello 
            ^
    SyntaxError: invalid character '' (U+2039)
    
        Did you mean to use a normal quote character, `'` or `"`?
        
    Un errore di tipo `SyntaxError` accade quando Python non riesce ad interpretare il tuo codice.
    
    Python non riesce ad interpretare il codice contenuto nel file 'TESTS:\syntax\unicode_quote2.py'
    nella posizione indicata.
    
       2: a =  hello 
              ^

    Did you use copy-paste?
    Python indicates that you used the unicode character ``
    which is not allowed.
    I suspect that you used a fancy unicode quotation mark
    whose name is SINGLE LEFT-POINTING ANGLE QUOTATION MARK
    instead of a normal single or double quote for a string.
    

(219) Invalid character (mistaken <)
------------------------------------

.. code-block:: none


    Traceback (most recent call last):
      File "TESTS:\trb_syntax_common.py", line 49, in create_tracebacks
        __import__(name)
      File "TESTS:\syntax\unicode_quote3.py", line 2
        if a  hello:
             ^
    SyntaxError: invalid character '' (U+2039)
    
        Did you mean to use a normal quote character, `'` or `"`?
        
    Un errore di tipo `SyntaxError` accade quando Python non riesce ad interpretare il tuo codice.
    
    Python non riesce ad interpretare il codice contenuto nel file 'TESTS:\syntax\unicode_quote3.py'
    nella posizione indicata.
    
       2: if a  hello:
               ^

    Did you use copy-paste?
    Python indicates that you used the unicode character ``
    which is not allowed.
    I suspect that you used a fancy unicode quotation mark
    whose name is SINGLE LEFT-POINTING ANGLE QUOTATION MARK
    instead of a normal single or double quote for a string.
    Or perhaps, you meant to write a less than sign, `<`.
    

(220) Invalid character (mistaken >)
------------------------------------

.. code-block:: none


    Traceback (most recent call last):
      File "TESTS:\trb_syntax_common.py", line 49, in create_tracebacks
        __import__(name)
      File "TESTS:\syntax\unicode_quote4.py", line 2
        if a  hello:
             ^
    SyntaxError: invalid character '' (U+203A)
    
        Did you mean to use a normal quote character, `'` or `"`?
        
    Un errore di tipo `SyntaxError` accade quando Python non riesce ad interpretare il tuo codice.
    
    Python non riesce ad interpretare il codice contenuto nel file 'TESTS:\syntax\unicode_quote4.py'
    nella posizione indicata.
    
       2: if a  hello:
               ^

    Did you use copy-paste?
    Python indicates that you used the unicode character ``
    which is not allowed.
    I suspect that you used a fancy unicode quotation mark
    whose name is SINGLE RIGHT-POINTING ANGLE QUOTATION MARK
    instead of a normal single or double quote for a string.
    Or perhaps, you meant to write a greater than sign, `>`.
    

(221) Invalid character (mistaken comma)
----------------------------------------

.. code-block:: none


    Traceback (most recent call last):
      File "TESTS:\trb_syntax_common.py", line 49, in create_tracebacks
        __import__(name)
      File "TESTS:\syntax\unicode_quote5.py", line 2
        a = (1 2)
              ^
    SyntaxError: invalid character '' (U+201A)
    
        Did you mean to use a normal quote character, `'` or `"`?
        
    Un errore di tipo `SyntaxError` accade quando Python non riesce ad interpretare il tuo codice.
    
    Python non riesce ad interpretare il codice contenuto nel file 'TESTS:\syntax\unicode_quote5.py'
    nella posizione indicata.
    
       2: a = (1 2)
                ^

    Did you use copy-paste?
    Python indicates that you used the unicode character ``
    which is not allowed.
    I suspect that you used a fancy unicode quotation mark
    whose name is SINGLE LOW-9 QUOTATION MARK
    instead of a normal single or double quote for a string.
    Or perhaps, you meant to write a comma.
    

(222) Unmatched closing curly bracket
-------------------------------------

.. code-block:: none


    Traceback (most recent call last):
      File "TESTS:\trb_syntax_common.py", line 49, in create_tracebacks
        __import__(name)
      File "TESTS:\syntax\unmatched_closing_curly.py", line 6
        3, 4,}}
              ^
    SyntaxError: unmatched '}'
    
    Un errore di tipo `SyntaxError` accade quando Python non riesce ad interpretare il tuo codice.
    
    Python non riesce ad interpretare il codice contenuto nel file 'TESTS:\syntax\unmatched_closing_curly.py'
    nella posizione indicata.
    
       4: a = {1,
       5:     2,
    -->6:     3, 4,}}
                    ^

    The closing curly bracket `}` on line 6 does not match anything.
    

(223) Unmatched closing parenthesis
-----------------------------------

.. code-block:: none


    Traceback (most recent call last):
      File "TESTS:\trb_syntax_common.py", line 49, in create_tracebacks
        __import__(name)
      File "TESTS:\syntax\unmatched_closing_paren.py", line 6
        3, 4,))
              ^
    SyntaxError: unmatched ')'
    
    Un errore di tipo `SyntaxError` accade quando Python non riesce ad interpretare il tuo codice.
    
    Python non riesce ad interpretare il codice contenuto nel file 'TESTS:\syntax\unmatched_closing_paren.py'
    nella posizione indicata.
    
       4: a = (1,
       5:     2,
    -->6:     3, 4,))
                    ^

    The closing parenthesis `)` on line 6 does not match anything.
    

(224) Mismatched brackets - 1
-----------------------------

.. code-block:: none


    Traceback (most recent call last):
      File "TESTS:\trb_syntax_common.py", line 49, in create_tracebacks
        __import__(name)
      File "TESTS:\syntax\unmatched_closing_bracket_1.py", line 2
        x = (1, 2, 3]
                    ^
    SyntaxError: closing parenthesis ']' does not match opening parenthesis '('
    
    Un errore di tipo `SyntaxError` accade quando Python non riesce ad interpretare il tuo codice.
    
    Python non riesce ad interpretare il codice contenuto nel file 'TESTS:\syntax\unmatched_closing_bracket_1.py'
    nella posizione indicata.
    
       2: x = (1, 2, 3]
              ^       ^

    The closing square bracket `]` on line 2 does not match the opening parenthesis `(` on line 2.
    
        2: x = (1, 2, 3]
               ^       ^
    

(225) Mismatched brackets - 2
-----------------------------

.. code-block:: none


    Traceback (most recent call last):
      File "TESTS:\trb_syntax_common.py", line 49, in create_tracebacks
        __import__(name)
      File "TESTS:\syntax\unmatched_closing_bracket_2.py", line 4
        3]
         ^
    SyntaxError: closing parenthesis ']' does not match opening parenthesis '(' on line 2
    
    Un errore di tipo `SyntaxError` accade quando Python non riesce ad interpretare il tuo codice.
    
    Python non riesce ad interpretare il codice contenuto nel file 'TESTS:\syntax\unmatched_closing_bracket_2.py'
    nella posizione indicata.
    
    -->2: x = (1,
              ^
       3:      2,
    -->4:      3]
                ^

    The closing square bracket `]` on line 4 does not match the opening parenthesis `(` on line 2.
    
        2: x = (1,
               ^
        4:      3]
                 ^
    

(226) Unmatched brackets - 3
----------------------------

.. code-block:: none


    Traceback (most recent call last):
      File "TESTS:\trb_syntax_common.py", line 49, in create_tracebacks
        __import__(name)
      File "TESTS:\syntax\unmatched_closing_bracket_3.py", line 3
        3]]
          ^
    SyntaxError: unmatched ']'
    
    Un errore di tipo `SyntaxError` accade quando Python non riesce ad interpretare il tuo codice.
    
    Python non riesce ad interpretare il codice contenuto nel file 'TESTS:\syntax\unmatched_closing_bracket_3.py'
    nella posizione indicata.
    
       1: x = [1,
       2:      2,
    -->3:      3]]
                 ^

    The closing square bracket `]` on line 3 does not match anything.
    

(227) Unpacking a dict value
----------------------------

.. code-block:: none


    Traceback (most recent call last):
      File "TESTS:\trb_syntax_common.py", line 49, in create_tracebacks
        __import__(name)
      File "TESTS:\syntax\unpacking_dict_value.py", line 1
        {'a': *(1, 2, 3)}
              ^
    SyntaxError: invalid syntax
    
    Un errore di tipo `SyntaxError` accade quando Python non riesce ad interpretare il tuo codice.
    
    Python non riesce ad interpretare il codice contenuto nel file 'TESTS:\syntax\unpacking_dict_value.py'
    nella posizione indicata.
    
       1: {'a': *(1, 2, 3)}
              ^ ^

    You cannot have these two operators, `:` and `*`,
    following each other.
    It looks like you tried to use a starred expression as a dict value;
    this is not allowed.
    
    The following statement has no syntax error:
    
        {'a': (1, 2, 3)}
    

(228) Unterminated triple quoted string
---------------------------------------

.. code-block:: none


    Traceback (most recent call last):
      File "TESTS:\trb_syntax_common.py", line 49, in create_tracebacks
        __import__(name)
      File "TESTS:\syntax\unterminated_triple_quote_string.py", line 4
        some_text = """In a land
    populated by weird animals,
    a ...
                                                                   ^
    SyntaxError: EOF while scanning triple-quoted string literal
    
    Un errore di tipo `SyntaxError` accade quando Python non riesce ad interpretare il tuo codice.
    
    Python non riesce ad interpretare il codice contenuto nel file 'TESTS:\syntax\unterminated_triple_quote_string.py'
    .
    
       1: some_text = """In a land
       2: 

    You started writing a triple-quoted string but never wrote
    the triple quotes needed to end the string.
    

(229) TabError
--------------

.. code-block:: none


    Traceback (most recent call last):
      File "TESTS:\trb_syntax_common.py", line 49, in create_tracebacks
        __import__(name)
      File "TESTS:\syntax\tab_error.py", line 7
        pass
        ^
    TabError: inconsistent use of tabs and spaces in indentation
    
    A `TabError` indicates that you have used both spaces
    and tab characters to indent your code.
    This is not allowed in Python.
    Indenting your code means to have block of codes aligned vertically
    by inserting either spaces or tab characters at the beginning of lines.
    Python's recommendation is to always use spaces to indent your code.
    
    Python non riesce ad interpretare il codice contenuto nel file 'TESTS:\syntax\tab_error.py'
    nella posizione indicata.
    
       7: 	pass
           ^^^^

(230) EOL unescaped backslash
-----------------------------

.. code-block:: none


    Traceback (most recent call last):
      File "TESTS:\trb_syntax_common.py", line 49, in create_tracebacks
        __import__(name)
      File "TESTS:\syntax\unescaped_backslash.py", line 1
        a = "abc\"
                  ^
    SyntaxError: EOL while scanning string literal
    
        Did you forget to escape a backslash character?
        
    Un errore di tipo `SyntaxError` accade quando Python non riesce ad interpretare il tuo codice.
    
    Python non riesce ad interpretare il codice contenuto nel file 'TESTS:\syntax\unescaped_backslash.py'
    nella posizione indicata.
    
       1: a = "abc\"
                   ^

    You started writing a string with a single or double quote
    but never ended the string with another quote on that line.
    Perhaps you meant to write the backslash character, `\`
    as the last character in the string and forgot that you
    needed to escape it by writing two `\` in a row.
    

(231) Using the backquote character
-----------------------------------

.. code-block:: none


    Traceback (most recent call last):
      File "TESTS:\trb_syntax_common.py", line 49, in create_tracebacks
        __import__(name)
      File "TESTS:\syntax\use_backquote.py", line 3
        a = `1`
            ^
    SyntaxError: invalid syntax
    
        You should not use the backquote character.
        
    Un errore di tipo `SyntaxError` accade quando Python non riesce ad interpretare il tuo codice.
    
    Python non riesce ad interpretare il codice contenuto nel file 'TESTS:\syntax\use_backquote.py'
    nella posizione indicata.
    
       3: a = `1`
              ^

    You are using the backquote character.
    Either you meant to write a single quote, ', or copied Python 2 code;
    in this latter case, use the function `repr(x)`.

(232) unicode error
-------------------

.. code-block:: none


    Traceback (most recent call last):
      File "TESTS:\trb_syntax_common.py", line 49, in create_tracebacks
        __import__(name)
      File "TESTS:\syntax\unicode_error.py", line 1
        path = "c:\Users\andre"
                               ^
    SyntaxError: (unicode error) 'unicodeescape' codec can't decode bytes in position 2-3: truncated \UXXXXXXXX escape
    
        Perhaps you need to double the backslash characters.
        
    Un errore di tipo `SyntaxError` accade quando Python non riesce ad interpretare il tuo codice.
    
    Python non riesce ad interpretare il codice contenuto nel file 'TESTS:\syntax\unicode_error.py'
    nella posizione indicata.
    
       1: path = "c:\Users\andre"
                 ^^^^^^^^^^^^^^^^

    I suspect that you wrote a string that contains
    one backslash character, `\` followed by an uppercase `U`
    and some more characters.
    Python likely interpreted this as indicating the beginning of
    what is known as an escape sequence for special unicode characters.
    To solve the problem, either write a so-called 'raw string'
    by adding the letter `r` as a prefix in
    front of the string, or replace `\U`, by `\\U`.
    

(233) Walrus instead of equal
-----------------------------

.. code-block:: none


    Traceback (most recent call last):
      File "TESTS:\trb_syntax_common.py", line 49, in create_tracebacks
        __import__(name)
      File "TESTS:\syntax\walrus_instead_of_equal.py", line 1
        a := 3
              ^
    SyntaxError: invalid syntax
    
        Did you mean to use `=`?
        
    Un errore di tipo `SyntaxError` accade quando Python non riesce ad interpretare il tuo codice.
    
    Python non riesce ad interpretare il codice contenuto nel file 'TESTS:\syntax\walrus_instead_of_equal.py'
    nella posizione indicata.
    
       1: a := 3
               ^

    You use the augmented assignment operator `:=` where
    the normal assignment operator `=` was required.
    

(234) Missing condition in while statement
------------------------------------------

.. code-block:: none


    Traceback (most recent call last):
      File "TESTS:\trb_syntax_common.py", line 49, in create_tracebacks
        __import__(name)
      File "TESTS:\syntax\while_missing_condition.py", line 1
        while:
             ^
    SyntaxError: invalid syntax
    
        You forgot to add a condition.
        
    Un errore di tipo `SyntaxError` accade quando Python non riesce ad interpretare il tuo codice.
    
    Python non riesce ad interpretare il codice contenuto nel file 'TESTS:\syntax\while_missing_condition.py'
    nella posizione indicata.
    
       1: while:
               ^

    A `while` loop requires a condition:
    
        while condition:
            ...
    
    

(235) Would-be variable declaration
-----------------------------------

.. code-block:: none


    Traceback (most recent call last):
      File "TESTS:\trb_syntax_common.py", line 49, in create_tracebacks
        __import__(name)
      File "TESTS:\syntax\would_be_type_declaration_1.py", line 3
        if var start := begin < end:
               ^
    SyntaxError: invalid syntax
    
        You do not need to declare variables in Python.
        
    Un errore di tipo `SyntaxError` accade quando Python non riesce ad interpretare il tuo codice.
    
    Python non riesce ad interpretare il codice contenuto nel file 'TESTS:\syntax\would_be_type_declaration_1.py'
    nella posizione indicata.
    
       3: if var start := begin < end:
                 ^^^^^

    It looks like you were trying to declare that `start` was
    a variable using the word `var`.
    If you remove `var`, you will have a valid Python statement.
    

(236) Would-be variable declaration - 2
---------------------------------------

.. code-block:: none


    Traceback (most recent call last):
      File "TESTS:\trb_syntax_common.py", line 49, in create_tracebacks
        __import__(name)
      File "TESTS:\syntax\would_be_type_declaration_2.py", line 5
        var start := begin < end
            ^
    SyntaxError: invalid syntax
    
        You do not need to declare variables in Python.
        
    Un errore di tipo `SyntaxError` accade quando Python non riesce ad interpretare il tuo codice.
    
    Python non riesce ad interpretare il codice contenuto nel file 'TESTS:\syntax\would_be_type_declaration_2.py'
    nella posizione indicata.
    
       4: if (
    -->5:     var start := begin < end
                  ^^^^^
       6:    ):

    It looks like you were trying to declare that `start` was
    a variable using the word `var`.
    If you remove `var`, you will have a valid Python statement.
    

(237) Cannot use yield outside function
---------------------------------------

.. code-block:: none


    Traceback (most recent call last):
      File "TESTS:\trb_syntax_common.py", line 49, in create_tracebacks
        __import__(name)
      File "TESTS:\syntax\yield_outside_function.py", line 1
        (yield i) == 3
         ^
    SyntaxError: 'yield' outside function
    
    Un errore di tipo `SyntaxError` accade quando Python non riesce ad interpretare il tuo codice.
    
    Python non riesce ad interpretare il codice contenuto nel file 'TESTS:\syntax\yield_outside_function.py'
    nella posizione indicata.
    
       1: (yield i) == 3
           ^^^^^

    You can only use a `yield` statement inside a function.
    
